#
# There is insufficient memory for the Java Runtime Environment to continue.
# Native memory allocation (malloc) failed to allocate 109296 bytes for Chunk::new
# Possible reasons:
#   The system is out of physical RAM or swap space
#   The process is running with CompressedOops enabled, and the Java Heap may be blocking the growth of the native heap
# Possible solutions:
#   Reduce memory load on the system
#   Increase physical memory or swap space
#   Check if swap backing store is full
#   Decrease Java heap size (-Xmx/-Xms)
#   Decrease number of Java threads
#   Decrease Java thread stack sizes (-Xss)
#   Set larger code cache with -XX:ReservedCodeCacheSize=
#   JVM is running with Unscaled Compressed Oops mode in which the Java heap is
#     placed in the first 4GB address space. The Java Heap base address is the
#     maximum limit for the native heap growth. Please use -XX:HeapBaseMinAddress
#     to set the Java Heap base and to place the Java Heap above 4GB virtual address.
# This output file may be truncated or incomplete.
#
#  Out of Memory Error (./open/src/hotspot/share/memory/arena.cpp:195), pid=14188, tid=16736
#
# JRE version: OpenJDK Runtime Environment (15.0.1+9) (build 15.0.1+9-18)
# Java VM: OpenJDK 64-Bit Server VM (15.0.1+9-18, mixed mode, tiered, compressed oops, g1 gc, windows-amd64)
# No core dump will be written. Minidumps are not enabled by default on client versions of Windows
#

---------------  S U M M A R Y ------------

Command Line: -Dfile.encoding=UTF-8 --module-path=C:\Users\PC\OneDrive\School\שנה ג\סמסטר קיץ\הנדסת תוכנה\עבודות הגשה\עבודה 1\קבצים של ליאור\AutoSched\bin;C:\Users\PC\OneDrive\School\שנה ג\סמסטר קיץ\הנדסת תוכנה\עבודות הגשה\עבודה 1\קבצים של ליאור\AutoSched\Libs\JPlanner.jar -XX:+ShowCodeDetailsInExceptionMessages -Djdk.module.main=AutoSched AutoSched/MainPack.Application

Host: Intel(R) Core(TM) i3-3240 CPU @ 3.40GHz, 4 cores, 5G,  Windows 10 , 64 bit Build 19041 (10.0.19041.1202)
Time: Mon Oct 25 18:06:55 2021 Jerusalem Daylight Time elapsed time: 0.830732 seconds (0d 0h 0m 0s)

---------------  T H R E A D  ---------------

Current thread (0x0000022dc6e119a0):  JavaThread "C2 CompilerThread1" daemon [_thread_in_native, id=16736, stack(0x0000005af6100000,0x0000005af6200000)]


Current CompileTask:
C2:    830  579   !   4       java.util.jar.Attributes::read (530 bytes)

Stack: [0x0000005af6100000,0x0000005af6200000]
Native frames: (J=compiled Java code, j=interpreted, Vv=VM code, C=native code)
V  [jvm.dll+0x62ae9a]
V  [jvm.dll+0x781389]
V  [jvm.dll+0x782ae3]
V  [jvm.dll+0x783143]
V  [jvm.dll+0x216265]
V  [jvm.dll+0x97efa]
V  [jvm.dll+0x985dc]
V  [jvm.dll+0x524cc3]
V  [jvm.dll+0x18e2f6]
V  [jvm.dll+0x1ea762]
V  [jvm.dll+0x1e98ae]
V  [jvm.dll+0x1784c7]
V  [jvm.dll+0x1f9165]
V  [jvm.dll+0x1f720c]
V  [jvm.dll+0x74485d]
V  [jvm.dll+0x73d65a]
V  [jvm.dll+0x629c56]
C  [ucrtbase.dll+0x21bb2]
C  [KERNEL32.DLL+0x17034]
C  [ntdll.dll+0x52651]


---------------  P R O C E S S  ---------------

Threads class SMR info:
_java_thread_list=0x0000022dc6ea8770, length=16, elements={
0x0000022dc6170540, 0x0000022dc6171010, 0x0000022dc6186950, 0x0000022dc6187300,
0x0000022dc6187cb0, 0x0000022dc6188990, 0x0000022dc618ccd0, 0x0000022dc618e1f0,
0x0000022dada5c140, 0x0000022dc6e119a0, 0x0000022dc6e7c8b0, 0x0000022dc6f10860,
0x0000022dc6f10ef0, 0x0000022dc6f27240, 0x0000022dc6f2bca0, 0x0000022dad9801b0
}

Java Threads: ( => current thread )
  0x0000022dc6170540 JavaThread "Reference Handler" daemon [_thread_blocked, id=17164, stack(0x0000005af5800000,0x0000005af5900000)]
  0x0000022dc6171010 JavaThread "Finalizer" daemon [_thread_blocked, id=17400, stack(0x0000005af5900000,0x0000005af5a00000)]
  0x0000022dc6186950 JavaThread "Signal Dispatcher" daemon [_thread_blocked, id=16836, stack(0x0000005af5a00000,0x0000005af5b00000)]
  0x0000022dc6187300 JavaThread "Attach Listener" daemon [_thread_blocked, id=17296, stack(0x0000005af5b00000,0x0000005af5c00000)]
  0x0000022dc6187cb0 JavaThread "Service Thread" daemon [_thread_blocked, id=17300, stack(0x0000005af5c00000,0x0000005af5d00000)]
  0x0000022dc6188990 JavaThread "C2 CompilerThread0" daemon [_thread_blocked, id=17140, stack(0x0000005af5d00000,0x0000005af5e00000)]
  0x0000022dc618ccd0 JavaThread "C1 CompilerThread0" daemon [_thread_blocked, id=9808, stack(0x0000005af5e00000,0x0000005af5f00000)]
  0x0000022dc618e1f0 JavaThread "Sweeper thread" daemon [_thread_blocked, id=6372, stack(0x0000005af5f00000,0x0000005af6000000)]
  0x0000022dada5c140 JavaThread "Common-Cleaner" daemon [_thread_blocked, id=1632, stack(0x0000005af6000000,0x0000005af6100000)]
=>0x0000022dc6e119a0 JavaThread "C2 CompilerThread1" daemon [_thread_in_native, id=16736, stack(0x0000005af6100000,0x0000005af6200000)]
  0x0000022dc6e7c8b0 JavaThread "Notification Thread" daemon [_thread_blocked, id=17000, stack(0x0000005af6200000,0x0000005af6300000)]
  0x0000022dc6f10860 JavaThread "Java2D Disposer" daemon [_thread_blocked, id=12868, stack(0x0000005af6400000,0x0000005af6500000)]
  0x0000022dc6f10ef0 JavaThread "AWT-Shutdown" [_thread_blocked, id=11204, stack(0x0000005af6500000,0x0000005af6600000)]
  0x0000022dc6f27240 JavaThread "AWT-Windows" daemon [_thread_in_native, id=16412, stack(0x0000005af6600000,0x0000005af6700000)]
  0x0000022dc6f2bca0 JavaThread "AWT-EventQueue-0" [_thread_in_vm, id=2992, stack(0x0000005af6700000,0x0000005af6800000)]
  0x0000022dad9801b0 JavaThread "DestroyJavaVM" [_thread_blocked, id=13712, stack(0x0000005af5100000,0x0000005af5200000)]

Other Threads:
  0x0000022dc61374f0 VMThread "VM Thread" [stack: 0x0000005af5700000,0x0000005af5800000] [id=14676]
  0x0000022dad981360 WatcherThread [stack: 0x0000005af6300000,0x0000005af6400000] [id=5832]
  0x0000022dad9b7d80 GCTaskThread "GC Thread#0" [stack: 0x0000005af5200000,0x0000005af5300000] [id=14388]
  0x0000022dad9c4f10 ConcurrentGCThread "G1 Main Marker" [stack: 0x0000005af5300000,0x0000005af5400000] [id=4260]
  0x0000022dad9c6320 ConcurrentGCThread "G1 Conc#0" [stack: 0x0000005af5400000,0x0000005af5500000] [id=8144]
  0x0000022dada2d0e0 ConcurrentGCThread "G1 Refine#0" [stack: 0x0000005af5500000,0x0000005af5600000] [id=16404]
  0x0000022dada2ec10 ConcurrentGCThread "G1 Young RemSet Sampling" [stack: 0x0000005af5600000,0x0000005af5700000] [id=17212]

Threads with active compile tasks:
C2 CompilerThread1      856  579   !   4       java.util.jar.Attributes::read (530 bytes)

VM state: not at safepoint (normal execution)

VM Mutex/Monitor currently owned by a thread: None

Heap address: 0x00000000a0a00000, size: 1526 MB, Compressed Oops mode: 32-bit
CDS disabled.
Compressed class space mapped at: 0x0000000100000000-0x0000000140000000, size: 1073741824
Narrow klass base: 0x0000000000000000, Narrow klass shift: 3, Narrow klass range: 0x140000000

GC Precious Log:
 CPUs: 4 total, 4 available
 Memory: 6099M
 Large Page Support: Disabled
 NUMA Support: Disabled
 Compressed Oops: Enabled (32-bit)
 Heap Region Size: 1M
 Heap Min Capacity: 8M
 Heap Initial Capacity: 96M
 Heap Max Capacity: 1526M
 Pre-touch: Disabled
 Parallel Workers: 4
 Concurrent Workers: 1
 Concurrent Refinement Workers: 4
 Periodic GC: Disabled

Heap:
 garbage-first heap   total 98304K, used 7168K [0x00000000a0a00000, 0x0000000100000000)
  region size 1024K, 8 young (8192K), 0 survivors (0K)
 Metaspace       used 11560K, capacity 11728K, committed 11904K, reserved 1060864K
  class space    used 1078K, capacity 1134K, committed 1152K, reserved 1048576K

Heap Regions: E=young(eden), S=young(survivor), O=old, HS=humongous(starts), HC=humongous(continues), CS=collection set, F=free, OA=open archive, CA=closed archive, TAMS=top-at-mark-start (previous, next)
|   0|0x00000000a0a00000, 0x00000000a0a00000, 0x00000000a0b00000|  0%| F|  |TAMS 0x00000000a0a00000, 0x00000000a0a00000| Untracked 
|   1|0x00000000a0b00000, 0x00000000a0b00000, 0x00000000a0c00000|  0%| F|  |TAMS 0x00000000a0b00000, 0x00000000a0b00000| Untracked 
|   2|0x00000000a0c00000, 0x00000000a0c00000, 0x00000000a0d00000|  0%| F|  |TAMS 0x00000000a0c00000, 0x00000000a0c00000| Untracked 
|   3|0x00000000a0d00000, 0x00000000a0d00000, 0x00000000a0e00000|  0%| F|  |TAMS 0x00000000a0d00000, 0x00000000a0d00000| Untracked 
|   4|0x00000000a0e00000, 0x00000000a0e00000, 0x00000000a0f00000|  0%| F|  |TAMS 0x00000000a0e00000, 0x00000000a0e00000| Untracked 
|   5|0x00000000a0f00000, 0x00000000a0f00000, 0x00000000a1000000|  0%| F|  |TAMS 0x00000000a0f00000, 0x00000000a0f00000| Untracked 
|   6|0x00000000a1000000, 0x00000000a1000000, 0x00000000a1100000|  0%| F|  |TAMS 0x00000000a1000000, 0x00000000a1000000| Untracked 
|   7|0x00000000a1100000, 0x00000000a1100000, 0x00000000a1200000|  0%| F|  |TAMS 0x00000000a1100000, 0x00000000a1100000| Untracked 
|   8|0x00000000a1200000, 0x00000000a1200000, 0x00000000a1300000|  0%| F|  |TAMS 0x00000000a1200000, 0x00000000a1200000| Untracked 
|   9|0x00000000a1300000, 0x00000000a1300000, 0x00000000a1400000|  0%| F|  |TAMS 0x00000000a1300000, 0x00000000a1300000| Untracked 
|  10|0x00000000a1400000, 0x00000000a1400000, 0x00000000a1500000|  0%| F|  |TAMS 0x00000000a1400000, 0x00000000a1400000| Untracked 
|  11|0x00000000a1500000, 0x00000000a1500000, 0x00000000a1600000|  0%| F|  |TAMS 0x00000000a1500000, 0x00000000a1500000| Untracked 
|  12|0x00000000a1600000, 0x00000000a1600000, 0x00000000a1700000|  0%| F|  |TAMS 0x00000000a1600000, 0x00000000a1600000| Untracked 
|  13|0x00000000a1700000, 0x00000000a1700000, 0x00000000a1800000|  0%| F|  |TAMS 0x00000000a1700000, 0x00000000a1700000| Untracked 
|  14|0x00000000a1800000, 0x00000000a1800000, 0x00000000a1900000|  0%| F|  |TAMS 0x00000000a1800000, 0x00000000a1800000| Untracked 
|  15|0x00000000a1900000, 0x00000000a1900000, 0x00000000a1a00000|  0%| F|  |TAMS 0x00000000a1900000, 0x00000000a1900000| Untracked 
|  16|0x00000000a1a00000, 0x00000000a1a00000, 0x00000000a1b00000|  0%| F|  |TAMS 0x00000000a1a00000, 0x00000000a1a00000| Untracked 
|  17|0x00000000a1b00000, 0x00000000a1b00000, 0x00000000a1c00000|  0%| F|  |TAMS 0x00000000a1b00000, 0x00000000a1b00000| Untracked 
|  18|0x00000000a1c00000, 0x00000000a1c00000, 0x00000000a1d00000|  0%| F|  |TAMS 0x00000000a1c00000, 0x00000000a1c00000| Untracked 
|  19|0x00000000a1d00000, 0x00000000a1d00000, 0x00000000a1e00000|  0%| F|  |TAMS 0x00000000a1d00000, 0x00000000a1d00000| Untracked 
|  20|0x00000000a1e00000, 0x00000000a1e00000, 0x00000000a1f00000|  0%| F|  |TAMS 0x00000000a1e00000, 0x00000000a1e00000| Untracked 
|  21|0x00000000a1f00000, 0x00000000a1f00000, 0x00000000a2000000|  0%| F|  |TAMS 0x00000000a1f00000, 0x00000000a1f00000| Untracked 
|  22|0x00000000a2000000, 0x00000000a2000000, 0x00000000a2100000|  0%| F|  |TAMS 0x00000000a2000000, 0x00000000a2000000| Untracked 
|  23|0x00000000a2100000, 0x00000000a2100000, 0x00000000a2200000|  0%| F|  |TAMS 0x00000000a2100000, 0x00000000a2100000| Untracked 
|  24|0x00000000a2200000, 0x00000000a2200000, 0x00000000a2300000|  0%| F|  |TAMS 0x00000000a2200000, 0x00000000a2200000| Untracked 
|  25|0x00000000a2300000, 0x00000000a2300000, 0x00000000a2400000|  0%| F|  |TAMS 0x00000000a2300000, 0x00000000a2300000| Untracked 
|  26|0x00000000a2400000, 0x00000000a2400000, 0x00000000a2500000|  0%| F|  |TAMS 0x00000000a2400000, 0x00000000a2400000| Untracked 
|  27|0x00000000a2500000, 0x00000000a2500000, 0x00000000a2600000|  0%| F|  |TAMS 0x00000000a2500000, 0x00000000a2500000| Untracked 
|  28|0x00000000a2600000, 0x00000000a2600000, 0x00000000a2700000|  0%| F|  |TAMS 0x00000000a2600000, 0x00000000a2600000| Untracked 
|  29|0x00000000a2700000, 0x00000000a2700000, 0x00000000a2800000|  0%| F|  |TAMS 0x00000000a2700000, 0x00000000a2700000| Untracked 
|  30|0x00000000a2800000, 0x00000000a2800000, 0x00000000a2900000|  0%| F|  |TAMS 0x00000000a2800000, 0x00000000a2800000| Untracked 
|  31|0x00000000a2900000, 0x00000000a2900000, 0x00000000a2a00000|  0%| F|  |TAMS 0x00000000a2900000, 0x00000000a2900000| Untracked 
|  32|0x00000000a2a00000, 0x00000000a2a00000, 0x00000000a2b00000|  0%| F|  |TAMS 0x00000000a2a00000, 0x00000000a2a00000| Untracked 
|  33|0x00000000a2b00000, 0x00000000a2b00000, 0x00000000a2c00000|  0%| F|  |TAMS 0x00000000a2b00000, 0x00000000a2b00000| Untracked 
|  34|0x00000000a2c00000, 0x00000000a2c00000, 0x00000000a2d00000|  0%| F|  |TAMS 0x00000000a2c00000, 0x00000000a2c00000| Untracked 
|  35|0x00000000a2d00000, 0x00000000a2d00000, 0x00000000a2e00000|  0%| F|  |TAMS 0x00000000a2d00000, 0x00000000a2d00000| Untracked 
|  36|0x00000000a2e00000, 0x00000000a2e00000, 0x00000000a2f00000|  0%| F|  |TAMS 0x00000000a2e00000, 0x00000000a2e00000| Untracked 
|  37|0x00000000a2f00000, 0x00000000a2f00000, 0x00000000a3000000|  0%| F|  |TAMS 0x00000000a2f00000, 0x00000000a2f00000| Untracked 
|  38|0x00000000a3000000, 0x00000000a3000000, 0x00000000a3100000|  0%| F|  |TAMS 0x00000000a3000000, 0x00000000a3000000| Untracked 
|  39|0x00000000a3100000, 0x00000000a3100000, 0x00000000a3200000|  0%| F|  |TAMS 0x00000000a3100000, 0x00000000a3100000| Untracked 
|  40|0x00000000a3200000, 0x00000000a3200000, 0x00000000a3300000|  0%| F|  |TAMS 0x00000000a3200000, 0x00000000a3200000| Untracked 
|  41|0x00000000a3300000, 0x00000000a3300000, 0x00000000a3400000|  0%| F|  |TAMS 0x00000000a3300000, 0x00000000a3300000| Untracked 
|  42|0x00000000a3400000, 0x00000000a3400000, 0x00000000a3500000|  0%| F|  |TAMS 0x00000000a3400000, 0x00000000a3400000| Untracked 
|  43|0x00000000a3500000, 0x00000000a3500000, 0x00000000a3600000|  0%| F|  |TAMS 0x00000000a3500000, 0x00000000a3500000| Untracked 
|  44|0x00000000a3600000, 0x00000000a3600000, 0x00000000a3700000|  0%| F|  |TAMS 0x00000000a3600000, 0x00000000a3600000| Untracked 
|  45|0x00000000a3700000, 0x00000000a3700000, 0x00000000a3800000|  0%| F|  |TAMS 0x00000000a3700000, 0x00000000a3700000| Untracked 
|  46|0x00000000a3800000, 0x00000000a3800000, 0x00000000a3900000|  0%| F|  |TAMS 0x00000000a3800000, 0x00000000a3800000| Untracked 
|  47|0x00000000a3900000, 0x00000000a3900000, 0x00000000a3a00000|  0%| F|  |TAMS 0x00000000a3900000, 0x00000000a3900000| Untracked 
|  48|0x00000000a3a00000, 0x00000000a3a00000, 0x00000000a3b00000|  0%| F|  |TAMS 0x00000000a3a00000, 0x00000000a3a00000| Untracked 
|  49|0x00000000a3b00000, 0x00000000a3b00000, 0x00000000a3c00000|  0%| F|  |TAMS 0x00000000a3b00000, 0x00000000a3b00000| Untracked 
|  50|0x00000000a3c00000, 0x00000000a3c00000, 0x00000000a3d00000|  0%| F|  |TAMS 0x00000000a3c00000, 0x00000000a3c00000| Untracked 
|  51|0x00000000a3d00000, 0x00000000a3d00000, 0x00000000a3e00000|  0%| F|  |TAMS 0x00000000a3d00000, 0x00000000a3d00000| Untracked 
|  52|0x00000000a3e00000, 0x00000000a3e00000, 0x00000000a3f00000|  0%| F|  |TAMS 0x00000000a3e00000, 0x00000000a3e00000| Untracked 
|  53|0x00000000a3f00000, 0x00000000a3f00000, 0x00000000a4000000|  0%| F|  |TAMS 0x00000000a3f00000, 0x00000000a3f00000| Untracked 
|  54|0x00000000a4000000, 0x00000000a4000000, 0x00000000a4100000|  0%| F|  |TAMS 0x00000000a4000000, 0x00000000a4000000| Untracked 
|  55|0x00000000a4100000, 0x00000000a4100000, 0x00000000a4200000|  0%| F|  |TAMS 0x00000000a4100000, 0x00000000a4100000| Untracked 
|  56|0x00000000a4200000, 0x00000000a4200000, 0x00000000a4300000|  0%| F|  |TAMS 0x00000000a4200000, 0x00000000a4200000| Untracked 
|  57|0x00000000a4300000, 0x00000000a4300000, 0x00000000a4400000|  0%| F|  |TAMS 0x00000000a4300000, 0x00000000a4300000| Untracked 
|  58|0x00000000a4400000, 0x00000000a4400000, 0x00000000a4500000|  0%| F|  |TAMS 0x00000000a4400000, 0x00000000a4400000| Untracked 
|  59|0x00000000a4500000, 0x00000000a4500000, 0x00000000a4600000|  0%| F|  |TAMS 0x00000000a4500000, 0x00000000a4500000| Untracked 
|  60|0x00000000a4600000, 0x00000000a4600000, 0x00000000a4700000|  0%| F|  |TAMS 0x00000000a4600000, 0x00000000a4600000| Untracked 
|  61|0x00000000a4700000, 0x00000000a4700000, 0x00000000a4800000|  0%| F|  |TAMS 0x00000000a4700000, 0x00000000a4700000| Untracked 
|  62|0x00000000a4800000, 0x00000000a4800000, 0x00000000a4900000|  0%| F|  |TAMS 0x00000000a4800000, 0x00000000a4800000| Untracked 
|  63|0x00000000a4900000, 0x00000000a4900000, 0x00000000a4a00000|  0%| F|  |TAMS 0x00000000a4900000, 0x00000000a4900000| Untracked 
|  64|0x00000000a4a00000, 0x00000000a4a00000, 0x00000000a4b00000|  0%| F|  |TAMS 0x00000000a4a00000, 0x00000000a4a00000| Untracked 
|  65|0x00000000a4b00000, 0x00000000a4b00000, 0x00000000a4c00000|  0%| F|  |TAMS 0x00000000a4b00000, 0x00000000a4b00000| Untracked 
|  66|0x00000000a4c00000, 0x00000000a4c00000, 0x00000000a4d00000|  0%| F|  |TAMS 0x00000000a4c00000, 0x00000000a4c00000| Untracked 
|  67|0x00000000a4d00000, 0x00000000a4d00000, 0x00000000a4e00000|  0%| F|  |TAMS 0x00000000a4d00000, 0x00000000a4d00000| Untracked 
|  68|0x00000000a4e00000, 0x00000000a4e00000, 0x00000000a4f00000|  0%| F|  |TAMS 0x00000000a4e00000, 0x00000000a4e00000| Untracked 
|  69|0x00000000a4f00000, 0x00000000a4f00000, 0x00000000a5000000|  0%| F|  |TAMS 0x00000000a4f00000, 0x00000000a4f00000| Untracked 
|  70|0x00000000a5000000, 0x00000000a5000000, 0x00000000a5100000|  0%| F|  |TAMS 0x00000000a5000000, 0x00000000a5000000| Untracked 
|  71|0x00000000a5100000, 0x00000000a5100000, 0x00000000a5200000|  0%| F|  |TAMS 0x00000000a5100000, 0x00000000a5100000| Untracked 
|  72|0x00000000a5200000, 0x00000000a5200000, 0x00000000a5300000|  0%| F|  |TAMS 0x00000000a5200000, 0x00000000a5200000| Untracked 
|  73|0x00000000a5300000, 0x00000000a5300000, 0x00000000a5400000|  0%| F|  |TAMS 0x00000000a5300000, 0x00000000a5300000| Untracked 
|  74|0x00000000a5400000, 0x00000000a5400000, 0x00000000a5500000|  0%| F|  |TAMS 0x00000000a5400000, 0x00000000a5400000| Untracked 
|  75|0x00000000a5500000, 0x00000000a5500000, 0x00000000a5600000|  0%| F|  |TAMS 0x00000000a5500000, 0x00000000a5500000| Untracked 
|  76|0x00000000a5600000, 0x00000000a5600000, 0x00000000a5700000|  0%| F|  |TAMS 0x00000000a5600000, 0x00000000a5600000| Untracked 
|  77|0x00000000a5700000, 0x00000000a5700000, 0x00000000a5800000|  0%| F|  |TAMS 0x00000000a5700000, 0x00000000a5700000| Untracked 
|  78|0x00000000a5800000, 0x00000000a5800000, 0x00000000a5900000|  0%| F|  |TAMS 0x00000000a5800000, 0x00000000a5800000| Untracked 
|  79|0x00000000a5900000, 0x00000000a5900000, 0x00000000a5a00000|  0%| F|  |TAMS 0x00000000a5900000, 0x00000000a5900000| Untracked 
|  80|0x00000000a5a00000, 0x00000000a5a00000, 0x00000000a5b00000|  0%| F|  |TAMS 0x00000000a5a00000, 0x00000000a5a00000| Untracked 
|  81|0x00000000a5b00000, 0x00000000a5b00000, 0x00000000a5c00000|  0%| F|  |TAMS 0x00000000a5b00000, 0x00000000a5b00000| Untracked 
|  82|0x00000000a5c00000, 0x00000000a5c00000, 0x00000000a5d00000|  0%| F|  |TAMS 0x00000000a5c00000, 0x00000000a5c00000| Untracked 
|  83|0x00000000a5d00000, 0x00000000a5d00000, 0x00000000a5e00000|  0%| F|  |TAMS 0x00000000a5d00000, 0x00000000a5d00000| Untracked 
|  84|0x00000000a5e00000, 0x00000000a5e00000, 0x00000000a5f00000|  0%| F|  |TAMS 0x00000000a5e00000, 0x00000000a5e00000| Untracked 
|  85|0x00000000a5f00000, 0x00000000a5f00000, 0x00000000a6000000|  0%| F|  |TAMS 0x00000000a5f00000, 0x00000000a5f00000| Untracked 
|  86|0x00000000a6000000, 0x00000000a6000000, 0x00000000a6100000|  0%| F|  |TAMS 0x00000000a6000000, 0x00000000a6000000| Untracked 
|  87|0x00000000a6100000, 0x00000000a6100000, 0x00000000a6200000|  0%| F|  |TAMS 0x00000000a6100000, 0x00000000a6100000| Untracked 
|  88|0x00000000a6200000, 0x00000000a6286110, 0x00000000a6300000| 52%| E|  |TAMS 0x00000000a6200000, 0x00000000a6200000| Complete 
|  89|0x00000000a6300000, 0x00000000a6400000, 0x00000000a6400000|100%| E|CS|TAMS 0x00000000a6300000, 0x00000000a6300000| Complete 
|  90|0x00000000a6400000, 0x00000000a6500000, 0x00000000a6500000|100%| E|CS|TAMS 0x00000000a6400000, 0x00000000a6400000| Complete 
|  91|0x00000000a6500000, 0x00000000a6600000, 0x00000000a6600000|100%| E|CS|TAMS 0x00000000a6500000, 0x00000000a6500000| Complete 
|  92|0x00000000a6600000, 0x00000000a6700000, 0x00000000a6700000|100%| E|CS|TAMS 0x00000000a6600000, 0x00000000a6600000| Complete 
|  93|0x00000000a6700000, 0x00000000a6800000, 0x00000000a6800000|100%| E|CS|TAMS 0x00000000a6700000, 0x00000000a6700000| Complete 
|  94|0x00000000a6800000, 0x00000000a6900000, 0x00000000a6900000|100%| E|CS|TAMS 0x00000000a6800000, 0x00000000a6800000| Complete 
|  95|0x00000000a6900000, 0x00000000a6a00000, 0x00000000a6a00000|100%| E|CS|TAMS 0x00000000a6900000, 0x00000000a6900000| Complete 

Card table byte_map: [0x0000022dc06a0000,0x0000022dc09a0000] _byte_map_base: 0x0000022dc019b000

Marking Bits (Prev, Next): (CMBitMap*) 0x0000022dad9b85f0, (CMBitMap*) 0x0000022dad9b8630
 Prev Bits: [0x0000022dc0ca0000, 0x0000022dc2478000)
 Next Bits: [0x0000022dc2480000, 0x0000022dc3c58000)

Polling page: 0x0000022dad160000

Metaspace:

Usage:
  Non-class:     10.47 MB capacity,    10.33 MB ( 99%) used,   132.14 KB (  1%) free+waste,    11.62 KB ( <1%) overhead. 
      Class:      1.14 MB capacity,     1.07 MB ( 94%) used,    71.36 KB (  6%) free+waste,     4.06 KB ( <1%) overhead. 
       Both:     11.61 MB capacity,    11.40 MB ( 98%) used,   203.50 KB (  2%) free+waste,    15.69 KB ( <1%) overhead. 

Virtual space:
  Non-class space:       12.00 MB reserved,      10.50 MB ( 88%) committed 
      Class space:        1.00 GB reserved,       1.25 MB ( <1%) committed 
             Both:        1.01 GB reserved,      11.75 MB (  1%) committed 

Chunk freelists:
   Non-Class:  30.00 KB
       Class:  18.00 KB
        Both:  48.00 KB

MaxMetaspaceSize: 17179869184.00 GB
CompressedClassSpaceSize: 1.00 GB

CodeHeap 'non-profiled nmethods': size=120000Kb used=204Kb max_used=204Kb free=119795Kb
 bounds [0x0000022db8e70000, 0x0000022db90e0000, 0x0000022dc03a0000]
CodeHeap 'profiled nmethods': size=120000Kb used=1019Kb max_used=1019Kb free=118980Kb
 bounds [0x0000022db1940000, 0x0000022db1bb0000, 0x0000022db8e70000]
CodeHeap 'non-nmethods': size=5760Kb used=1183Kb max_used=1198Kb free=4577Kb
 bounds [0x0000022db13a0000, 0x0000022db1610000, 0x0000022db1940000]
 total_blobs=1139 nmethods=691 adapters=361
 compilation: enabled
              stopped_count=0, restarted_count=0
 full_count=0

Compilation events (20 events):
Event: 0.820 Thread 0x0000022dc618ccd0  656       3       java.lang.StringLatin1::newString (24 bytes)
Event: 0.820 Thread 0x0000022dc618ccd0 nmethod 656 0x0000022db1a31490 code [0x0000022db1a31640, 0x0000022db1a31928]
Event: 0.823 Thread 0x0000022dc618ccd0  657       3       java.util.LinkedHashMap::newNode (23 bytes)
Event: 0.823 Thread 0x0000022dc618ccd0 nmethod 657 0x0000022db1a31a90 code [0x0000022db1a31c60, 0x0000022db1a32048]
Event: 0.823 Thread 0x0000022dc618ccd0  658       3       java.util.LinkedHashMap$Entry::<init> (10 bytes)
Event: 0.823 Thread 0x0000022dc618ccd0 nmethod 658 0x0000022db1a32210 code [0x0000022db1a323c0, 0x0000022db1a32698]
Event: 0.823 Thread 0x0000022dc618ccd0  661       3       java.math.BigInteger::destructiveMulAdd (150 bytes)
Event: 0.824 Thread 0x0000022dc618ccd0 nmethod 661 0x0000022db1a32790 code [0x0000022db1a32940, 0x0000022db1a32c78]
Event: 0.824 Thread 0x0000022dc618ccd0  659       3       java.util.LinkedHashMap::linkNodeLast (33 bytes)
Event: 0.824 Thread 0x0000022dc618ccd0 nmethod 659 0x0000022db1a32e10 code [0x0000022db1a32fc0, 0x0000022db1a33298]
Event: 0.824 Thread 0x0000022dc618ccd0  660       3       java.util.LinkedHashMap::afterNodeInsertion (40 bytes)
Event: 0.824 Thread 0x0000022dc6188990  662       4       java.lang.CharacterDataLatin1::digit (32 bytes)
Event: 0.824 Thread 0x0000022dc618ccd0 nmethod 660 0x0000022db1a33390 code [0x0000022db1a33540, 0x0000022db1a33718]
Event: 0.824 Thread 0x0000022dc618ccd0  663       3       java.lang.Integer::valueOf (32 bytes)
Event: 0.824 Thread 0x0000022dc618ccd0 nmethod 663 0x0000022db1a33810 code [0x0000022db1a339c0, 0x0000022db1a33cd8]
Event: 0.825 Thread 0x0000022dc6188990 nmethod 662 0x0000022db8e9ff90 code [0x0000022db8ea0120, 0x0000022db8ea01f8]
Event: 0.826 Thread 0x0000022dc618ccd0  664       3       sun.security.util.ObjectIdentifier::checkOtherComponent (41 bytes)
Event: 0.827 Thread 0x0000022dc618ccd0 nmethod 664 0x0000022db1a33e10 code [0x0000022db1a34040, 0x0000022db1a34708]
Event: 0.827 Thread 0x0000022dc618ccd0  665       3       java.math.BigInteger::<init> (404 bytes)
Event: 0.827 Thread 0x0000022dc6188990  667       4       java.math.BigInteger::destructiveMulAdd (150 bytes)

GC Heap History (0 events):
No events

Deoptimization events (20 events):
Event: 0.604 Thread 0x0000022dad9801b0 DEOPT PACKING pc=0x0000022db8e8f398 sp=0x0000005af51fd010
Event: 0.604 Thread 0x0000022dad9801b0 DEOPT UNPACKING pc=0x0000022db13ee42f sp=0x0000005af51fcf90 mode 2
Event: 0.604 Thread 0x0000022dad9801b0 Uncommon trap: trap_request=0xffffffbe fr.pc=0x0000022db8e8f398 relative=0x00000000000004f8
Event: 0.604 Thread 0x0000022dad9801b0 Uncommon trap: reason=profile_predicate action=maybe_recompile pc=0x0000022db8e8f398 method=jdk.internal.org.objectweb.asm.ByteVector.putUTF8(Ljava/lang/String;)Ljdk/internal/org/objectweb/asm/ByteVector; @ 79 c2
Event: 0.604 Thread 0x0000022dad9801b0 DEOPT PACKING pc=0x0000022db8e8f398 sp=0x0000005af51fcec0
Event: 0.604 Thread 0x0000022dad9801b0 DEOPT UNPACKING pc=0x0000022db13ee42f sp=0x0000005af51fce40 mode 2
Event: 0.755 Thread 0x0000022dc6f2bca0 DEOPT PACKING pc=0x0000022db198a2a5 sp=0x0000005af67fa0d0
Event: 0.755 Thread 0x0000022dc6f2bca0 DEOPT UNPACKING pc=0x0000022db13ee23f sp=0x0000005af67f9530 mode 0
Event: 0.781 Thread 0x0000022dc6f2bca0 Uncommon trap: trap_request=0xffffff45 fr.pc=0x0000022db8e8aa98 relative=0x0000000000001478
Event: 0.781 Thread 0x0000022dc6f2bca0 Uncommon trap: reason=unstable_if action=reinterpret pc=0x0000022db8e8aa98 method=java.util.HashMap.putVal(ILjava/lang/Object;Ljava/lang/Object;ZZ)Ljava/lang/Object; @ 193 c2
Event: 0.781 Thread 0x0000022dc6f2bca0 DEOPT PACKING pc=0x0000022db8e8aa98 sp=0x0000005af67f9fd0
Event: 0.782 Thread 0x0000022dc6f2bca0 DEOPT UNPACKING pc=0x0000022db13ee42f sp=0x0000005af67f9f90 mode 2
Event: 0.790 Thread 0x0000022dc6f2bca0 Uncommon trap: trap_request=0xffffff45 fr.pc=0x0000022db8e975f4 relative=0x0000000000000914
Event: 0.790 Thread 0x0000022dc6f2bca0 Uncommon trap: reason=unstable_if action=reinterpret pc=0x0000022db8e975f4 method=java.lang.StringLatin1.newString([BII)Ljava/lang/String; @ 1 c2
Event: 0.790 Thread 0x0000022dc6f2bca0 DEOPT PACKING pc=0x0000022db8e975f4 sp=0x0000005af67f9a00
Event: 0.790 Thread 0x0000022dc6f2bca0 DEOPT UNPACKING pc=0x0000022db13ee42f sp=0x0000005af67f9960 mode 2
Event: 0.812 Thread 0x0000022dc6f2bca0 Uncommon trap: trap_request=0xffffff45 fr.pc=0x0000022db8e9ee5c relative=0x000000000000033c
Event: 0.812 Thread 0x0000022dc6f2bca0 Uncommon trap: reason=unstable_if action=reinterpret pc=0x0000022db8e9ee5c method=java.lang.StringLatin1.newString([BII)Ljava/lang/String; @ 1 c2
Event: 0.812 Thread 0x0000022dc6f2bca0 DEOPT PACKING pc=0x0000022db8e9ee5c sp=0x0000005af67f8ed0
Event: 0.812 Thread 0x0000022dc6f2bca0 DEOPT UNPACKING pc=0x0000022db13ee42f sp=0x0000005af67f8e98 mode 2

Classes unloaded (0 events):
No events

Classes redefined (0 events):
No events

Internal exceptions (14 events):
Event: 0.327 Thread 0x0000022dad9801b0 Exception <a 'java/lang/NoSuchMethodError'{0x00000000a69fc090}: 'void java.lang.invoke.DirectMethodHandle$Holder.invokeVirtual(java.lang.Object, java.lang.Object)'> (0x00000000a69fc090) 
thrown [./open/src/hotspot/share/interpreter/linkResolver.cpp, line 782]
Event: 0.490 Thread 0x0000022dad9801b0 Exception <a 'java/lang/NoSuchMethodError'{0x00000000a67ccfc0}: 'void java.lang.invoke.DirectMethodHandle$Holder.invokeSpecial(java.lang.Object, java.lang.Object, java.lang.Object, java.lang.Object, java.lang.Object)'> (0x00000000a67ccfc0) 
thrown [./open/src/hotspot/share/interpreter/linkResolver.cpp, line 782]
Event: 0.497 Thread 0x0000022dad9801b0 Exception <a 'java/lang/NoSuchMethodError'{0x00000000a67e3400}: 'java.lang.Object java.lang.invoke.DirectMethodHandle$Holder.invokeInterface(java.lang.Object, java.lang.Object)'> (0x00000000a67e3400) 
thrown [./open/src/hotspot/share/interpreter/linkResolver.cpp, line 782]
Event: 0.497 Thread 0x0000022dad9801b0 Exception <a 'java/lang/IncompatibleClassChangeError'{0x00000000a67e6b50}: Found class java.lang.Object, but interface was expected> (0x00000000a67e6b50) 
thrown [./open/src/hotspot/share/interpreter/linkResolver.cpp, line 848]
Event: 0.498 Thread 0x0000022dad9801b0 Exception <a 'java/lang/NoSuchMethodError'{0x00000000a67e9b48}: 'void java.lang.invoke.DirectMethodHandle$Holder.invokeStatic(java.lang.Object, java.lang.Object, java.lang.Object, java.lang.Object)'> (0x00000000a67e9b48) 
thrown [./open/src/hotspot/share/interpreter/linkResolver.cpp, line 782]
Event: 0.550 Thread 0x0000022dad9801b0 Exception <a 'java/lang/ClassNotFoundException'{0x00000000a665afd0}: sun/awt/resources/spi/awtProvider> (0x00000000a665afd0) 
thrown [./open/src/hotspot/share/classfile/systemDictionary.cpp, line 295]
Event: 0.628 Thread 0x0000022dad9801b0 Exception <a 'java/io/FileNotFoundException'{0x00000000a66b28a8}> (0x00000000a66b28a8) 
thrown [./open/src/hotspot/share/prims/jni.cpp, line 578]
Event: 0.648 Thread 0x0000022dad9801b0 Exception <a 'java/io/FileNotFoundException'{0x00000000a66e1480}> (0x00000000a66e1480) 
thrown [./open/src/hotspot/share/prims/jni.cpp, line 578]
Event: 0.649 Thread 0x0000022dad9801b0 Exception <a 'java/lang/NoSuchMethodError'{0x00000000a66e26b0}: 'java.lang.Object java.lang.invoke.DirectMethodHandle$Holder.invokeStatic(java.lang.Object)'> (0x00000000a66e26b0) 
thrown [./open/src/hotspot/share/interpreter/linkResolver.cpp, line 782]
Event: 0.659 Thread 0x0000022dad9801b0 Exception <a 'java/lang/NoSuchMethodError'{0x00000000a66ea8f0}: 'void java.lang.invoke.DirectMethodHandle$Holder.invokeSpecial(java.lang.Object, java.lang.Object, java.lang.Object)'> (0x00000000a66ea8f0) 
thrown [./open/src/hotspot/share/interpreter/linkResolver.cpp, line 782]
Event: 0.670 Thread 0x0000022dad9801b0 Exception <a 'sun/nio/fs/WindowsException'{0x00000000a66f6968}> (0x00000000a66f6968) 
thrown [./open/src/hotspot/share/prims/jni.cpp, line 578]
Event: 0.725 Thread 0x0000022dad9801b0 Exception <a 'java/lang/NoSuchMethodError'{0x00000000a656d888}: 'java.lang.Object java.lang.invoke.DirectMethodHandle$Holder.invokeStaticInit(java.lang.Object)'> (0x00000000a656d888) 
thrown [./open/src/hotspot/share/interpreter/linkResolver.cpp, line 782]
Event: 0.776 Thread 0x0000022dc6f2bca0 Exception <a 'java/lang/NoSuchMethodError'{0x00000000a6326dc0}: 'void java.lang.invoke.DirectMethodHandle$Holder.invokeStatic(java.lang.Object, java.lang.Object)'> (0x00000000a6326dc0) 
thrown [./open/src/hotspot/share/interpreter/linkResolver.cpp, line 782]
Event: 0.777 Thread 0x0000022dc6f2bca0 Exception <a 'java/lang/NoSuchMethodError'{0x00000000a632a5a0}: 'void java.lang.invoke.DirectMethodHandle$Holder.invokeStaticInit(java.lang.Object, java.lang.Object)'> (0x00000000a632a5a0) 
thrown [./open/src/hotspot/share/interpreter/linkResolver.cpp, line 782]

Events (20 events):
Event: 0.820 loading class sun/security/util/DisabledAlgorithmConstraints$DisabledConstraint
Event: 0.820 loading class sun/security/util/DisabledAlgorithmConstraints$Constraint
Event: 0.820 loading class sun/security/util/DisabledAlgorithmConstraints$Constraint done
Event: 0.820 loading class sun/security/util/DisabledAlgorithmConstraints$DisabledConstraint done
Event: 0.820 loading class sun/security/util/CurveDB
Event: 0.821 loading class sun/security/util/CurveDB done
Event: 0.821 loading class java/security/spec/ECFieldFp
Event: 0.821 loading class java/security/spec/ECField
Event: 0.821 loading class java/security/spec/ECField done
Event: 0.821 loading class java/security/spec/ECFieldFp done
Event: 0.821 loading class java/security/spec/EllipticCurve
Event: 0.821 loading class java/security/spec/EllipticCurve done
Event: 0.822 loading class java/security/spec/ECPoint
Event: 0.822 loading class java/security/spec/ECPoint done
Event: 0.822 loading class sun/security/util/NamedCurve
Event: 0.822 loading class java/security/spec/ECParameterSpec
Event: 0.822 loading class java/security/spec/ECParameterSpec done
Event: 0.822 loading class sun/security/util/NamedCurve done
Event: 0.825 loading class java/security/spec/ECFieldF2m
Event: 0.825 loading class java/security/spec/ECFieldF2m done


Dynamic libraries:
0x00007ff7e12a0000 - 0x00007ff7e12ad000 	C:\Users\PC\.p2\pool\plugins\org.eclipse.justj.openjdk.hotspot.jre.full.win32.x86_64_15.0.1.v20201027-0507\jre\bin\javaw.exe
0x00007ffb87ad0000 - 0x00007ffb87cc5000 	C:\WINDOWS\SYSTEM32\ntdll.dll
0x00007ffb85f10000 - 0x00007ffb85fce000 	C:\WINDOWS\System32\KERNEL32.DLL
0x00007ffb85850000 - 0x00007ffb85b19000 	C:\WINDOWS\System32\KERNELBASE.dll
0x00007ffb85330000 - 0x00007ffb85430000 	C:\WINDOWS\System32\ucrtbase.dll
0x00007ffb63da0000 - 0x00007ffb63db9000 	C:\Users\PC\.p2\pool\plugins\org.eclipse.justj.openjdk.hotspot.jre.full.win32.x86_64_15.0.1.v20201027-0507\jre\bin\VCRUNTIME140.dll
0x00007ffb5e100000 - 0x00007ffb5e118000 	C:\Users\PC\.p2\pool\plugins\org.eclipse.justj.openjdk.hotspot.jre.full.win32.x86_64_15.0.1.v20201027-0507\jre\bin\jli.dll
0x00007ffb85cb0000 - 0x00007ffb85e51000 	C:\WINDOWS\System32\USER32.dll
0x00007ffb85820000 - 0x00007ffb85842000 	C:\WINDOWS\System32\win32u.dll
0x00007ffb85c80000 - 0x00007ffb85cab000 	C:\WINDOWS\System32\GDI32.dll
0x00007ffb85580000 - 0x00007ffb8568b000 	C:\WINDOWS\System32\gdi32full.dll
0x00007ffb73180000 - 0x00007ffb7341a000 	C:\WINDOWS\WinSxS\amd64_microsoft.windows.common-controls_6595b64144ccf1df_6.0.19041.1110_none_60b5254171f9507e\COMCTL32.dll
0x00007ffb85490000 - 0x00007ffb8552d000 	C:\WINDOWS\System32\msvcp_win.dll
0x00007ffb86530000 - 0x00007ffb865ce000 	C:\WINDOWS\System32\msvcrt.dll
0x00007ffb86af0000 - 0x00007ffb86b20000 	C:\WINDOWS\System32\IMM32.DLL
0x00007ffb75100000 - 0x00007ffb7510c000 	C:\Users\PC\.p2\pool\plugins\org.eclipse.justj.openjdk.hotspot.jre.full.win32.x86_64_15.0.1.v20201027-0507\jre\bin\vcruntime140_1.dll
0x00007ffb32610000 - 0x00007ffb326a1000 	C:\Users\PC\.p2\pool\plugins\org.eclipse.justj.openjdk.hotspot.jre.full.win32.x86_64_15.0.1.v20201027-0507\jre\bin\msvcp140.dll
0x00007ffb0d520000 - 0x00007ffb0e07e000 	C:\Users\PC\.p2\pool\plugins\org.eclipse.justj.openjdk.hotspot.jre.full.win32.x86_64_15.0.1.v20201027-0507\jre\bin\server\jvm.dll
0x00007ffb85e60000 - 0x00007ffb85f0c000 	C:\WINDOWS\System32\ADVAPI32.dll
0x00007ffb85be0000 - 0x00007ffb85c7b000 	C:\WINDOWS\System32\sechost.dll
0x00007ffb86100000 - 0x00007ffb8622a000 	C:\WINDOWS\System32\RPCRT4.dll
0x00007ffb87820000 - 0x00007ffb87828000 	C:\WINDOWS\System32\PSAPI.DLL
0x00007ffb80d50000 - 0x00007ffb80d59000 	C:\WINDOWS\SYSTEM32\WSOCK32.dll
0x00007ffb864b0000 - 0x00007ffb8651b000 	C:\WINDOWS\System32\WS2_32.dll
0x00007ffb7abc0000 - 0x00007ffb7abe7000 	C:\WINDOWS\SYSTEM32\WINMM.dll
0x00007ffb7c430000 - 0x00007ffb7c43a000 	C:\WINDOWS\SYSTEM32\VERSION.dll
0x00007ffb83110000 - 0x00007ffb83122000 	C:\WINDOWS\SYSTEM32\kernel.appcore.dll
0x00007ffb80d40000 - 0x00007ffb80d4a000 	C:\Users\PC\.p2\pool\plugins\org.eclipse.justj.openjdk.hotspot.jre.full.win32.x86_64_15.0.1.v20201027-0507\jre\bin\jimage.dll
0x00007ffb7e2f0000 - 0x00007ffb7e4d4000 	C:\WINDOWS\SYSTEM32\DBGHELP.DLL
0x00007ffb6f260000 - 0x00007ffb6f28c000 	C:\WINDOWS\SYSTEM32\dbgcore.DLL
0x00007ffb851f0000 - 0x00007ffb85273000 	C:\WINDOWS\System32\bcryptPrimitives.dll
0x00007ffb5bb50000 - 0x00007ffb5bb75000 	C:\Users\PC\.p2\pool\plugins\org.eclipse.justj.openjdk.hotspot.jre.full.win32.x86_64_15.0.1.v20201027-0507\jre\bin\java.dll
0x00007ffb74f70000 - 0x00007ffb74f88000 	C:\Users\PC\.p2\pool\plugins\org.eclipse.justj.openjdk.hotspot.jre.full.win32.x86_64_15.0.1.v20201027-0507\jre\bin\zip.dll
0x00007ffb870e0000 - 0x00007ffb8781f000 	C:\WINDOWS\System32\SHELL32.dll
0x00007ffb83310000 - 0x00007ffb83aa0000 	C:\WINDOWS\SYSTEM32\windows.storage.dll
0x00007ffb86770000 - 0x00007ffb86ac5000 	C:\WINDOWS\System32\combase.dll
0x00007ffb84c40000 - 0x00007ffb84c6c000 	C:\WINDOWS\SYSTEM32\Wldp.dll
0x00007ffb879e0000 - 0x00007ffb87a8d000 	C:\WINDOWS\System32\SHCORE.dll
0x00007ffb86710000 - 0x00007ffb86765000 	C:\WINDOWS\System32\shlwapi.dll
0x00007ffb85130000 - 0x00007ffb8514f000 	C:\WINDOWS\SYSTEM32\profapi.dll
0x00007ffb61570000 - 0x00007ffb61589000 	C:\Users\PC\.p2\pool\plugins\org.eclipse.justj.openjdk.hotspot.jre.full.win32.x86_64_15.0.1.v20201027-0507\jre\bin\net.dll
0x00007ffb7c730000 - 0x00007ffb7c838000 	C:\WINDOWS\SYSTEM32\WINHTTP.dll
0x00007ffb849a0000 - 0x00007ffb84a0a000 	C:\WINDOWS\system32\mswsock.dll
0x00007ffb614f0000 - 0x00007ffb61502000 	C:\Users\PC\.p2\pool\plugins\org.eclipse.justj.openjdk.hotspot.jre.full.win32.x86_64_15.0.1.v20201027-0507\jre\bin\nio.dll
0x00007ffb589c0000 - 0x00007ffb58b3f000 	C:\Users\PC\.p2\pool\plugins\org.eclipse.justj.openjdk.hotspot.jre.full.win32.x86_64_15.0.1.v20201027-0507\jre\bin\awt.dll
0x00007ffb86230000 - 0x00007ffb862fd000 	C:\WINDOWS\System32\OLEAUT32.dll
0x00007ffb82970000 - 0x00007ffb82a00000 	C:\WINDOWS\SYSTEM32\apphelp.dll
0x00007ffb82c10000 - 0x00007ffb82cae000 	C:\WINDOWS\system32\uxtheme.dll
0x00007ffb87830000 - 0x00007ffb87945000 	C:\WINDOWS\System32\MSCTF.dll
0x00007ffb85fd0000 - 0x00007ffb860fa000 	C:\WINDOWS\System32\ole32.dll

dbghelp: loaded successfully - version: 4.0.5 - missing functions: none
symbol engine: initialized successfully - sym options: 0x614 - pdb path: .;C:\Users\PC\.p2\pool\plugins\org.eclipse.justj.openjdk.hotspot.jre.full.win32.x86_64_15.0.1.v20201027-0507\jre\bin;C:\WINDOWS\SYSTEM32;C:\WINDOWS\WinSxS\amd64_microsoft.windows.common-controls_6595b64144ccf1df_6.0.19041.1110_none_60b5254171f9507e;C:\Users\PC\.p2\pool\plugins\org.eclipse.justj.openjdk.hotspot.jre.full.win32.x86_64_15.0.1.v20201027-0507\jre\bin\server

VM Arguments:
jvm_args: -Dfile.encoding=UTF-8 --module-path=C:\Users\PC\OneDrive\School\שנה ג\סמסטר קיץ\הנדסת תוכנה\עבודות הגשה\עבודה 1\קבצים של ליאור\AutoSched\bin;C:\Users\PC\OneDrive\School\שנה ג\סמסטר קיץ\הנדסת תוכנה\עבודות הגשה\עבודה 1\קבצים של ליאור\AutoSched\Libs\JPlanner.jar -XX:+ShowCodeDetailsInExceptionMessages -Djdk.module.main=AutoSched 
java_command: AutoSched/MainPack.Application
java_class_path (initial): C:\Users\PC\OneDrive\School\שנה ג\סמסטר קיץ\הנדסת תוכנה\עבודות הגשה\עבודה 1\קבצים של ליאור\AutoSched\jgoodies-forms-1.8.0.jar
Launcher Type: SUN_STANDARD

[Global flags]
     intx CICompilerCount                          = 3                                         {product} {ergonomic}
     uint ConcGCThreads                            = 1                                         {product} {ergonomic}
     uint G1ConcRefinementThreads                  = 4                                         {product} {ergonomic}
   size_t G1HeapRegionSize                         = 1048576                                   {product} {ergonomic}
    uintx GCDrainStackTargetSize                   = 64                                        {product} {ergonomic}
   size_t InitialHeapSize                          = 100663296                                 {product} {ergonomic}
   size_t MarkStackSize                            = 4194304                                   {product} {ergonomic}
   size_t MaxHeapSize                              = 1600126976                                {product} {ergonomic}
   size_t MaxNewSize                               = 959447040                                 {product} {ergonomic}
   size_t MinHeapDeltaBytes                        = 1048576                                   {product} {ergonomic}
   size_t MinHeapSize                              = 8388608                                   {product} {ergonomic}
    uintx NonNMethodCodeHeapSize                   = 5832780                                {pd product} {ergonomic}
    uintx NonProfiledCodeHeapSize                  = 122912730                              {pd product} {ergonomic}
    uintx ProfiledCodeHeapSize                     = 122912730                              {pd product} {ergonomic}
    uintx ReservedCodeCacheSize                    = 251658240                              {pd product} {ergonomic}
     bool SegmentedCodeCache                       = true                                      {product} {ergonomic}
     bool ShowCodeDetailsInExceptionMessages       = true                                   {manageable} {command line}
   size_t SoftMaxHeapSize                          = 1600126976                             {manageable} {ergonomic}
     bool UseCompressedClassPointers               = true                                 {lp64_product} {ergonomic}
     bool UseCompressedOops                        = true                                 {lp64_product} {ergonomic}
     bool UseG1GC                                  = true                                      {product} {ergonomic}
     bool UseLargePagesIndividualAllocation        = false                                  {pd product} {ergonomic}

Logging:
Log output configuration:
 #0: stdout all=warning uptime,level,tags
 #1: stderr all=off uptime,level,tags

Environment Variables:
PATH=C:/Users/PC/.p2/pool/plugins/org.eclipse.justj.openjdk.hotspot.jre.full.win32.x86_64_15.0.1.v20201027-0507/jre/bin/server;C:/Users/PC/.p2/pool/plugins/org.eclipse.justj.openjdk.hotspot.jre.full.win32.x86_64_15.0.1.v20201027-0507/jre/bin;C:\WINDOWS\system32;C:\WINDOWS;C:\WINDOWS\System32\Wbem;C:\WINDOWS\System32\WindowsPowerShell\v1.0\;C:\WINDOWS\System32\OpenSSH\;C:\Program Files\Microsoft SQL Server\Client SDK\ODBC\170\Tools\Binn\;C:\Program Files (x86)\Microsoft SQL Server\150\Tools\Binn\;C:\Program Files\Microsoft SQL Server\150\Tools\Binn\;C:\Program Files\Microsoft SQL Server\150\DTS\Binn\;C:\Program Files (x86)\Microsoft SQL Server\150\DTS\Binn\;C:\Program Files\Azure Data Studio\bin;C:\Program Files\Microsoft SQL Server\130\Tools\Binn\;C:\Program Files\MATLAB\R2020b\bin;c:\altera\91sp2\quartus\bin;C:\Program Files\nodejs\;C:\Program Files\dotnet\;C:\Program Files\Git\cmd;C:\Users\PC\AppData\Local\Programs\Python\Python38\Scripts;C:\Users\PC\AppData\Local\Programs\Python\Python39\Scripts\;C:\Users\PC\AppData\Local\Programs\Python\Python39\;C:\Users\PC\AppData\Local\Microsoft\WindowsApps;C:\Program Files\Azure Data Studio\bin;C:\Users\PC\AppData\Local\Programs\Microsoft VS Code\bin;C:\Users\PC\AppData\Roaming\npm;C:\Users\PC\.dotnet\tools;;C:\WINDOWS\system32;
USERNAME=PC
OS=Windows_NT
PROCESSOR_IDENTIFIER=Intel64 Family 6 Model 58 Stepping 9, GenuineIntel



---------------  S Y S T E M  ---------------

OS:
 Windows 10 , 64 bit Build 19041 (10.0.19041.1202)
OS uptime: 1 days 20:28 hours

CPU: total 4 (initial active 4) (2 cores per cpu, 2 threads per core) family 6 model 58 stepping 9 microcode 0x21, cmov, cx8, fxsr, mmx, sse, sse2, sse3, ssse3, sse4.1, sse4.2, popcnt, vzeroupper, avx, clmul, erms, ht, tsc, tscinvbit, tscinv, clflush

Memory: 4k page, system-wide physical 6099M (458M free)
TotalPageFile size 10356M (AvailPageFile size 4M)
current process WorkingSet (physical memory assigned to process): 59M, peak: 59M
current process commit charge ("private bytes"): 179M, peak: 179M

vm_info: OpenJDK 64-Bit Server VM (15.0.1+9-18) for windows-amd64 JRE (15.0.1+9-18), built on Sep 15 2020 14:39:31 by "mach5one" with unknown MS VC++:1925

END.
