#
# There is insufficient memory for the Java Runtime Environment to continue.
# Native memory allocation (malloc) failed to allocate 59696 bytes for Chunk::new
# Possible reasons:
#   The system is out of physical RAM or swap space
#   The process is running with CompressedOops enabled, and the Java Heap may be blocking the growth of the native heap
# Possible solutions:
#   Reduce memory load on the system
#   Increase physical memory or swap space
#   Check if swap backing store is full
#   Decrease Java heap size (-Xmx/-Xms)
#   Decrease number of Java threads
#   Decrease Java thread stack sizes (-Xss)
#   Set larger code cache with -XX:ReservedCodeCacheSize=
#   JVM is running with Unscaled Compressed Oops mode in which the Java heap is
#     placed in the first 4GB address space. The Java Heap base address is the
#     maximum limit for the native heap growth. Please use -XX:HeapBaseMinAddress
#     to set the Java Heap base and to place the Java Heap above 4GB virtual address.
# This output file may be truncated or incomplete.
#
#  Out of Memory Error (./open/src/hotspot/share/memory/arena.cpp:195), pid=5624, tid=16704
#
# JRE version: OpenJDK Runtime Environment (15.0.1+9) (build 15.0.1+9-18)
# Java VM: OpenJDK 64-Bit Server VM (15.0.1+9-18, mixed mode, tiered, compressed oops, g1 gc, windows-amd64)
# No core dump will be written. Minidumps are not enabled by default on client versions of Windows
#

---------------  S U M M A R Y ------------

Command Line: -Dfile.encoding=UTF-8 --module-path=C:\Users\PC\OneDrive\School\שנה ג\סמסטר קיץ\הנדסת תוכנה\עבודות הגשה\עבודה 1\קבצים של ליאור\AutoSched\bin;C:\Users\PC\OneDrive\School\שנה ג\סמסטר קיץ\הנדסת תוכנה\עבודות הגשה\עבודה 1\קבצים של ליאור\AutoSched\Libs\JPlanner.jar -XX:+ShowCodeDetailsInExceptionMessages -Djdk.module.main=AutoSched AutoSched/MainPack.Application

Host: Intel(R) Core(TM) i3-3240 CPU @ 3.40GHz, 4 cores, 5G,  Windows 10 , 64 bit Build 19041 (10.0.19041.1202)
Time: Mon Oct 25 18:06:42 2021 Jerusalem Daylight Time elapsed time: 0.949003 seconds (0d 0h 0m 0s)

---------------  T H R E A D  ---------------

Current thread (0x000001b8558a1070):  JavaThread "C2 CompilerThread1" daemon [_thread_in_native, id=16704, stack(0x000000a8ac200000,0x000000a8ac300000)]


Current CompileTask:
C2:    949  843       4       java.lang.StringUTF16::compress (50 bytes)

Stack: [0x000000a8ac200000,0x000000a8ac300000]
Native frames: (J=compiled Java code, j=interpreted, Vv=VM code, C=native code)
V  [jvm.dll+0x62ae9a]
V  [jvm.dll+0x781389]
V  [jvm.dll+0x782ae3]
V  [jvm.dll+0x783143]
V  [jvm.dll+0x216265]
V  [jvm.dll+0x97efa]
V  [jvm.dll+0x985dc]
V  [jvm.dll+0x27a1bf]
V  [jvm.dll+0x5408d4]
V  [jvm.dll+0x1f3064]
V  [jvm.dll+0x1eca31]
V  [jvm.dll+0x1e97a7]
V  [jvm.dll+0x1784c7]
V  [jvm.dll+0x1f9165]
V  [jvm.dll+0x1f720c]
V  [jvm.dll+0x74485d]
V  [jvm.dll+0x73d65a]
V  [jvm.dll+0x629c56]
C  [ucrtbase.dll+0x21bb2]
C  [KERNEL32.DLL+0x17034]
C  [ntdll.dll+0x52651]


---------------  P R O C E S S  ---------------

Threads class SMR info:
_java_thread_list=0x000001b8558287b0, length=16, elements={
0x000001b854950540, 0x000001b85495a070, 0x000001b85528b010, 0x000001b85528d8e0,
0x000001b85528e1a0, 0x000001b8549634c0, 0x000001b854963dc0, 0x000001b85496ce90,
0x000001b85534f680, 0x000001b8556c0010, 0x000001b85572c870, 0x000001b85572d090,
0x000001b85572d780, 0x000001b85573cd10, 0x000001b83c163f10, 0x000001b8558a1070
}

Java Threads: ( => current thread )
  0x000001b854950540 JavaThread "Reference Handler" daemon [_thread_blocked, id=7552, stack(0x000000a8ab300000,0x000000a8ab400000)]
  0x000001b85495a070 JavaThread "Finalizer" daemon [_thread_blocked, id=16984, stack(0x000000a8ab400000,0x000000a8ab500000)]
  0x000001b85528b010 JavaThread "Signal Dispatcher" daemon [_thread_blocked, id=4728, stack(0x000000a8ab500000,0x000000a8ab600000)]
  0x000001b85528d8e0 JavaThread "Attach Listener" daemon [_thread_blocked, id=16812, stack(0x000000a8ab600000,0x000000a8ab700000)]
  0x000001b85528e1a0 JavaThread "Service Thread" daemon [_thread_blocked, id=13200, stack(0x000000a8ab700000,0x000000a8ab800000)]
  0x000001b8549634c0 JavaThread "C2 CompilerThread0" daemon [_thread_blocked, id=3944, stack(0x000000a8ab800000,0x000000a8ab900000)]
  0x000001b854963dc0 JavaThread "C1 CompilerThread0" daemon [_thread_in_native, id=17104, stack(0x000000a8ab900000,0x000000a8aba00000)]
  0x000001b85496ce90 JavaThread "Sweeper thread" daemon [_thread_blocked, id=4684, stack(0x000000a8aba00000,0x000000a8abb00000)]
  0x000001b85534f680 JavaThread "Common-Cleaner" daemon [_thread_blocked, id=16776, stack(0x000000a8abb00000,0x000000a8abc00000)]
  0x000001b8556c0010 JavaThread "Notification Thread" daemon [_thread_blocked, id=17056, stack(0x000000a8abc00000,0x000000a8abd00000)]
  0x000001b85572c870 JavaThread "Java2D Disposer" daemon [_thread_blocked, id=16480, stack(0x000000a8abe00000,0x000000a8abf00000)]
  0x000001b85572d090 JavaThread "AWT-Shutdown" [_thread_blocked, id=1532, stack(0x000000a8abf00000,0x000000a8ac000000)]
  0x000001b85572d780 JavaThread "AWT-Windows" daemon [_thread_in_native, id=16716, stack(0x000000a8ac000000,0x000000a8ac100000)]
  0x000001b85573cd10 JavaThread "AWT-EventQueue-0" [_thread_in_Java, id=3800, stack(0x000000a8ac100000,0x000000a8ac200000)]
  0x000001b83c163f10 JavaThread "DestroyJavaVM" [_thread_blocked, id=17068, stack(0x000000a8aac00000,0x000000a8aad00000)]
=>0x000001b8558a1070 JavaThread "C2 CompilerThread1" daemon [_thread_in_native, id=16704, stack(0x000000a8ac200000,0x000000a8ac300000)]

Other Threads:
  0x000001b854913260 VMThread "VM Thread" [stack: 0x000000a8ab200000,0x000000a8ab300000] [id=14812]
  0x000001b83a11a110 WatcherThread [stack: 0x000000a8abd00000,0x000000a8abe00000] [id=16668]
  0x000001b83c197af0 GCTaskThread "GC Thread#0" [stack: 0x000000a8aad00000,0x000000a8aae00000] [id=14656]
  0x000001b83c1a4c80 ConcurrentGCThread "G1 Main Marker" [stack: 0x000000a8aae00000,0x000000a8aaf00000] [id=14544]
  0x000001b83c1a6900 ConcurrentGCThread "G1 Conc#0" [stack: 0x000000a8aaf00000,0x000000a8ab000000] [id=16612]
  0x000001b83c208160 ConcurrentGCThread "G1 Refine#0" [stack: 0x000000a8ab000000,0x000000a8ab100000] [id=9840]
  0x000001b83c20a090 ConcurrentGCThread "G1 Young RemSet Sampling" [stack: 0x000000a8ab100000,0x000000a8ab200000] [id=10968]

Threads with active compile tasks:
C1 CompilerThread0     1021  847       3       sun.util.locale.LanguageTag::parse (205 bytes)
C2 CompilerThread1     1021  843       4       java.lang.StringUTF16::compress (50 bytes)

VM state: not at safepoint (normal execution)

VM Mutex/Monitor currently owned by a thread: None

Heap address: 0x00000000a0a00000, size: 1526 MB, Compressed Oops mode: 32-bit
CDS disabled.
Compressed class space mapped at: 0x0000000100000000-0x0000000140000000, size: 1073741824
Narrow klass base: 0x0000000000000000, Narrow klass shift: 3, Narrow klass range: 0x140000000

GC Precious Log:
 CPUs: 4 total, 4 available
 Memory: 6099M
 Large Page Support: Disabled
 NUMA Support: Disabled
 Compressed Oops: Enabled (32-bit)
 Heap Region Size: 1M
 Heap Min Capacity: 8M
 Heap Initial Capacity: 96M
 Heap Max Capacity: 1526M
 Pre-touch: Disabled
 Parallel Workers: 4
 Concurrent Workers: 1
 Concurrent Refinement Workers: 4
 Periodic GC: Disabled

Heap:
 garbage-first heap   total 98304K, used 11264K [0x00000000a0a00000, 0x0000000100000000)
  region size 1024K, 13 young (13312K), 0 survivors (0K)
 Metaspace       used 13932K, capacity 14108K, committed 14208K, reserved 1064960K
  class space    used 1293K, capacity 1329K, committed 1408K, reserved 1048576K

Heap Regions: E=young(eden), S=young(survivor), O=old, HS=humongous(starts), HC=humongous(continues), CS=collection set, F=free, OA=open archive, CA=closed archive, TAMS=top-at-mark-start (previous, next)
|   0|0x00000000a0a00000, 0x00000000a0a00000, 0x00000000a0b00000|  0%| F|  |TAMS 0x00000000a0a00000, 0x00000000a0a00000| Untracked 
|   1|0x00000000a0b00000, 0x00000000a0b00000, 0x00000000a0c00000|  0%| F|  |TAMS 0x00000000a0b00000, 0x00000000a0b00000| Untracked 
|   2|0x00000000a0c00000, 0x00000000a0c00000, 0x00000000a0d00000|  0%| F|  |TAMS 0x00000000a0c00000, 0x00000000a0c00000| Untracked 
|   3|0x00000000a0d00000, 0x00000000a0d00000, 0x00000000a0e00000|  0%| F|  |TAMS 0x00000000a0d00000, 0x00000000a0d00000| Untracked 
|   4|0x00000000a0e00000, 0x00000000a0e00000, 0x00000000a0f00000|  0%| F|  |TAMS 0x00000000a0e00000, 0x00000000a0e00000| Untracked 
|   5|0x00000000a0f00000, 0x00000000a0f00000, 0x00000000a1000000|  0%| F|  |TAMS 0x00000000a0f00000, 0x00000000a0f00000| Untracked 
|   6|0x00000000a1000000, 0x00000000a1000000, 0x00000000a1100000|  0%| F|  |TAMS 0x00000000a1000000, 0x00000000a1000000| Untracked 
|   7|0x00000000a1100000, 0x00000000a1100000, 0x00000000a1200000|  0%| F|  |TAMS 0x00000000a1100000, 0x00000000a1100000| Untracked 
|   8|0x00000000a1200000, 0x00000000a1200000, 0x00000000a1300000|  0%| F|  |TAMS 0x00000000a1200000, 0x00000000a1200000| Untracked 
|   9|0x00000000a1300000, 0x00000000a1300000, 0x00000000a1400000|  0%| F|  |TAMS 0x00000000a1300000, 0x00000000a1300000| Untracked 
|  10|0x00000000a1400000, 0x00000000a1400000, 0x00000000a1500000|  0%| F|  |TAMS 0x00000000a1400000, 0x00000000a1400000| Untracked 
|  11|0x00000000a1500000, 0x00000000a1500000, 0x00000000a1600000|  0%| F|  |TAMS 0x00000000a1500000, 0x00000000a1500000| Untracked 
|  12|0x00000000a1600000, 0x00000000a1600000, 0x00000000a1700000|  0%| F|  |TAMS 0x00000000a1600000, 0x00000000a1600000| Untracked 
|  13|0x00000000a1700000, 0x00000000a1700000, 0x00000000a1800000|  0%| F|  |TAMS 0x00000000a1700000, 0x00000000a1700000| Untracked 
|  14|0x00000000a1800000, 0x00000000a1800000, 0x00000000a1900000|  0%| F|  |TAMS 0x00000000a1800000, 0x00000000a1800000| Untracked 
|  15|0x00000000a1900000, 0x00000000a1900000, 0x00000000a1a00000|  0%| F|  |TAMS 0x00000000a1900000, 0x00000000a1900000| Untracked 
|  16|0x00000000a1a00000, 0x00000000a1a00000, 0x00000000a1b00000|  0%| F|  |TAMS 0x00000000a1a00000, 0x00000000a1a00000| Untracked 
|  17|0x00000000a1b00000, 0x00000000a1b00000, 0x00000000a1c00000|  0%| F|  |TAMS 0x00000000a1b00000, 0x00000000a1b00000| Untracked 
|  18|0x00000000a1c00000, 0x00000000a1c00000, 0x00000000a1d00000|  0%| F|  |TAMS 0x00000000a1c00000, 0x00000000a1c00000| Untracked 
|  19|0x00000000a1d00000, 0x00000000a1d00000, 0x00000000a1e00000|  0%| F|  |TAMS 0x00000000a1d00000, 0x00000000a1d00000| Untracked 
|  20|0x00000000a1e00000, 0x00000000a1e00000, 0x00000000a1f00000|  0%| F|  |TAMS 0x00000000a1e00000, 0x00000000a1e00000| Untracked 
|  21|0x00000000a1f00000, 0x00000000a1f00000, 0x00000000a2000000|  0%| F|  |TAMS 0x00000000a1f00000, 0x00000000a1f00000| Untracked 
|  22|0x00000000a2000000, 0x00000000a2000000, 0x00000000a2100000|  0%| F|  |TAMS 0x00000000a2000000, 0x00000000a2000000| Untracked 
|  23|0x00000000a2100000, 0x00000000a2100000, 0x00000000a2200000|  0%| F|  |TAMS 0x00000000a2100000, 0x00000000a2100000| Untracked 
|  24|0x00000000a2200000, 0x00000000a2200000, 0x00000000a2300000|  0%| F|  |TAMS 0x00000000a2200000, 0x00000000a2200000| Untracked 
|  25|0x00000000a2300000, 0x00000000a2300000, 0x00000000a2400000|  0%| F|  |TAMS 0x00000000a2300000, 0x00000000a2300000| Untracked 
|  26|0x00000000a2400000, 0x00000000a2400000, 0x00000000a2500000|  0%| F|  |TAMS 0x00000000a2400000, 0x00000000a2400000| Untracked 
|  27|0x00000000a2500000, 0x00000000a2500000, 0x00000000a2600000|  0%| F|  |TAMS 0x00000000a2500000, 0x00000000a2500000| Untracked 
|  28|0x00000000a2600000, 0x00000000a2600000, 0x00000000a2700000|  0%| F|  |TAMS 0x00000000a2600000, 0x00000000a2600000| Untracked 
|  29|0x00000000a2700000, 0x00000000a2700000, 0x00000000a2800000|  0%| F|  |TAMS 0x00000000a2700000, 0x00000000a2700000| Untracked 
|  30|0x00000000a2800000, 0x00000000a2800000, 0x00000000a2900000|  0%| F|  |TAMS 0x00000000a2800000, 0x00000000a2800000| Untracked 
|  31|0x00000000a2900000, 0x00000000a2900000, 0x00000000a2a00000|  0%| F|  |TAMS 0x00000000a2900000, 0x00000000a2900000| Untracked 
|  32|0x00000000a2a00000, 0x00000000a2a00000, 0x00000000a2b00000|  0%| F|  |TAMS 0x00000000a2a00000, 0x00000000a2a00000| Untracked 
|  33|0x00000000a2b00000, 0x00000000a2b00000, 0x00000000a2c00000|  0%| F|  |TAMS 0x00000000a2b00000, 0x00000000a2b00000| Untracked 
|  34|0x00000000a2c00000, 0x00000000a2c00000, 0x00000000a2d00000|  0%| F|  |TAMS 0x00000000a2c00000, 0x00000000a2c00000| Untracked 
|  35|0x00000000a2d00000, 0x00000000a2d00000, 0x00000000a2e00000|  0%| F|  |TAMS 0x00000000a2d00000, 0x00000000a2d00000| Untracked 
|  36|0x00000000a2e00000, 0x00000000a2e00000, 0x00000000a2f00000|  0%| F|  |TAMS 0x00000000a2e00000, 0x00000000a2e00000| Untracked 
|  37|0x00000000a2f00000, 0x00000000a2f00000, 0x00000000a3000000|  0%| F|  |TAMS 0x00000000a2f00000, 0x00000000a2f00000| Untracked 
|  38|0x00000000a3000000, 0x00000000a3000000, 0x00000000a3100000|  0%| F|  |TAMS 0x00000000a3000000, 0x00000000a3000000| Untracked 
|  39|0x00000000a3100000, 0x00000000a3100000, 0x00000000a3200000|  0%| F|  |TAMS 0x00000000a3100000, 0x00000000a3100000| Untracked 
|  40|0x00000000a3200000, 0x00000000a3200000, 0x00000000a3300000|  0%| F|  |TAMS 0x00000000a3200000, 0x00000000a3200000| Untracked 
|  41|0x00000000a3300000, 0x00000000a3300000, 0x00000000a3400000|  0%| F|  |TAMS 0x00000000a3300000, 0x00000000a3300000| Untracked 
|  42|0x00000000a3400000, 0x00000000a3400000, 0x00000000a3500000|  0%| F|  |TAMS 0x00000000a3400000, 0x00000000a3400000| Untracked 
|  43|0x00000000a3500000, 0x00000000a3500000, 0x00000000a3600000|  0%| F|  |TAMS 0x00000000a3500000, 0x00000000a3500000| Untracked 
|  44|0x00000000a3600000, 0x00000000a3600000, 0x00000000a3700000|  0%| F|  |TAMS 0x00000000a3600000, 0x00000000a3600000| Untracked 
|  45|0x00000000a3700000, 0x00000000a3700000, 0x00000000a3800000|  0%| F|  |TAMS 0x00000000a3700000, 0x00000000a3700000| Untracked 
|  46|0x00000000a3800000, 0x00000000a3800000, 0x00000000a3900000|  0%| F|  |TAMS 0x00000000a3800000, 0x00000000a3800000| Untracked 
|  47|0x00000000a3900000, 0x00000000a3900000, 0x00000000a3a00000|  0%| F|  |TAMS 0x00000000a3900000, 0x00000000a3900000| Untracked 
|  48|0x00000000a3a00000, 0x00000000a3a00000, 0x00000000a3b00000|  0%| F|  |TAMS 0x00000000a3a00000, 0x00000000a3a00000| Untracked 
|  49|0x00000000a3b00000, 0x00000000a3b00000, 0x00000000a3c00000|  0%| F|  |TAMS 0x00000000a3b00000, 0x00000000a3b00000| Untracked 
|  50|0x00000000a3c00000, 0x00000000a3c00000, 0x00000000a3d00000|  0%| F|  |TAMS 0x00000000a3c00000, 0x00000000a3c00000| Untracked 
|  51|0x00000000a3d00000, 0x00000000a3d00000, 0x00000000a3e00000|  0%| F|  |TAMS 0x00000000a3d00000, 0x00000000a3d00000| Untracked 
|  52|0x00000000a3e00000, 0x00000000a3e00000, 0x00000000a3f00000|  0%| F|  |TAMS 0x00000000a3e00000, 0x00000000a3e00000| Untracked 
|  53|0x00000000a3f00000, 0x00000000a3f00000, 0x00000000a4000000|  0%| F|  |TAMS 0x00000000a3f00000, 0x00000000a3f00000| Untracked 
|  54|0x00000000a4000000, 0x00000000a4000000, 0x00000000a4100000|  0%| F|  |TAMS 0x00000000a4000000, 0x00000000a4000000| Untracked 
|  55|0x00000000a4100000, 0x00000000a4100000, 0x00000000a4200000|  0%| F|  |TAMS 0x00000000a4100000, 0x00000000a4100000| Untracked 
|  56|0x00000000a4200000, 0x00000000a4200000, 0x00000000a4300000|  0%| F|  |TAMS 0x00000000a4200000, 0x00000000a4200000| Untracked 
|  57|0x00000000a4300000, 0x00000000a4300000, 0x00000000a4400000|  0%| F|  |TAMS 0x00000000a4300000, 0x00000000a4300000| Untracked 
|  58|0x00000000a4400000, 0x00000000a4400000, 0x00000000a4500000|  0%| F|  |TAMS 0x00000000a4400000, 0x00000000a4400000| Untracked 
|  59|0x00000000a4500000, 0x00000000a4500000, 0x00000000a4600000|  0%| F|  |TAMS 0x00000000a4500000, 0x00000000a4500000| Untracked 
|  60|0x00000000a4600000, 0x00000000a4600000, 0x00000000a4700000|  0%| F|  |TAMS 0x00000000a4600000, 0x00000000a4600000| Untracked 
|  61|0x00000000a4700000, 0x00000000a4700000, 0x00000000a4800000|  0%| F|  |TAMS 0x00000000a4700000, 0x00000000a4700000| Untracked 
|  62|0x00000000a4800000, 0x00000000a4800000, 0x00000000a4900000|  0%| F|  |TAMS 0x00000000a4800000, 0x00000000a4800000| Untracked 
|  63|0x00000000a4900000, 0x00000000a4900000, 0x00000000a4a00000|  0%| F|  |TAMS 0x00000000a4900000, 0x00000000a4900000| Untracked 
|  64|0x00000000a4a00000, 0x00000000a4a00000, 0x00000000a4b00000|  0%| F|  |TAMS 0x00000000a4a00000, 0x00000000a4a00000| Untracked 
|  65|0x00000000a4b00000, 0x00000000a4b00000, 0x00000000a4c00000|  0%| F|  |TAMS 0x00000000a4b00000, 0x00000000a4b00000| Untracked 
|  66|0x00000000a4c00000, 0x00000000a4c00000, 0x00000000a4d00000|  0%| F|  |TAMS 0x00000000a4c00000, 0x00000000a4c00000| Untracked 
|  67|0x00000000a4d00000, 0x00000000a4d00000, 0x00000000a4e00000|  0%| F|  |TAMS 0x00000000a4d00000, 0x00000000a4d00000| Untracked 
|  68|0x00000000a4e00000, 0x00000000a4e00000, 0x00000000a4f00000|  0%| F|  |TAMS 0x00000000a4e00000, 0x00000000a4e00000| Untracked 
|  69|0x00000000a4f00000, 0x00000000a4f00000, 0x00000000a5000000|  0%| F|  |TAMS 0x00000000a4f00000, 0x00000000a4f00000| Untracked 
|  70|0x00000000a5000000, 0x00000000a5000000, 0x00000000a5100000|  0%| F|  |TAMS 0x00000000a5000000, 0x00000000a5000000| Untracked 
|  71|0x00000000a5100000, 0x00000000a5100000, 0x00000000a5200000|  0%| F|  |TAMS 0x00000000a5100000, 0x00000000a5100000| Untracked 
|  72|0x00000000a5200000, 0x00000000a5200000, 0x00000000a5300000|  0%| F|  |TAMS 0x00000000a5200000, 0x00000000a5200000| Untracked 
|  73|0x00000000a5300000, 0x00000000a5300000, 0x00000000a5400000|  0%| F|  |TAMS 0x00000000a5300000, 0x00000000a5300000| Untracked 
|  74|0x00000000a5400000, 0x00000000a5400000, 0x00000000a5500000|  0%| F|  |TAMS 0x00000000a5400000, 0x00000000a5400000| Untracked 
|  75|0x00000000a5500000, 0x00000000a5500000, 0x00000000a5600000|  0%| F|  |TAMS 0x00000000a5500000, 0x00000000a5500000| Untracked 
|  76|0x00000000a5600000, 0x00000000a5600000, 0x00000000a5700000|  0%| F|  |TAMS 0x00000000a5600000, 0x00000000a5600000| Untracked 
|  77|0x00000000a5700000, 0x00000000a5700000, 0x00000000a5800000|  0%| F|  |TAMS 0x00000000a5700000, 0x00000000a5700000| Untracked 
|  78|0x00000000a5800000, 0x00000000a5800000, 0x00000000a5900000|  0%| F|  |TAMS 0x00000000a5800000, 0x00000000a5800000| Untracked 
|  79|0x00000000a5900000, 0x00000000a5900000, 0x00000000a5a00000|  0%| F|  |TAMS 0x00000000a5900000, 0x00000000a5900000| Untracked 
|  80|0x00000000a5a00000, 0x00000000a5a00000, 0x00000000a5b00000|  0%| F|  |TAMS 0x00000000a5a00000, 0x00000000a5a00000| Untracked 
|  81|0x00000000a5b00000, 0x00000000a5b00000, 0x00000000a5c00000|  0%| F|  |TAMS 0x00000000a5b00000, 0x00000000a5b00000| Untracked 
|  82|0x00000000a5c00000, 0x00000000a5c00000, 0x00000000a5d00000|  0%| F|  |TAMS 0x00000000a5c00000, 0x00000000a5c00000| Untracked 
|  83|0x00000000a5d00000, 0x00000000a5d44930, 0x00000000a5e00000| 26%| E|  |TAMS 0x00000000a5d00000, 0x00000000a5d00000| Complete 
|  84|0x00000000a5e00000, 0x00000000a5f00000, 0x00000000a5f00000|100%| E|CS|TAMS 0x00000000a5e00000, 0x00000000a5e00000| Complete 
|  85|0x00000000a5f00000, 0x00000000a6000000, 0x00000000a6000000|100%| E|CS|TAMS 0x00000000a5f00000, 0x00000000a5f00000| Complete 
|  86|0x00000000a6000000, 0x00000000a6100000, 0x00000000a6100000|100%| E|CS|TAMS 0x00000000a6000000, 0x00000000a6000000| Complete 
|  87|0x00000000a6100000, 0x00000000a6200000, 0x00000000a6200000|100%| E|CS|TAMS 0x00000000a6100000, 0x00000000a6100000| Complete 
|  88|0x00000000a6200000, 0x00000000a62ffc28, 0x00000000a6300000| 99%| E|  |TAMS 0x00000000a6200000, 0x00000000a6200000| Complete 
|  89|0x00000000a6300000, 0x00000000a6400000, 0x00000000a6400000|100%| E|CS|TAMS 0x00000000a6300000, 0x00000000a6300000| Complete 
|  90|0x00000000a6400000, 0x00000000a6500000, 0x00000000a6500000|100%| E|CS|TAMS 0x00000000a6400000, 0x00000000a6400000| Complete 
|  91|0x00000000a6500000, 0x00000000a6600000, 0x00000000a6600000|100%| E|CS|TAMS 0x00000000a6500000, 0x00000000a6500000| Complete 
|  92|0x00000000a6600000, 0x00000000a6700000, 0x00000000a6700000|100%| E|CS|TAMS 0x00000000a6600000, 0x00000000a6600000| Complete 
|  93|0x00000000a6700000, 0x00000000a6800000, 0x00000000a6800000|100%| E|CS|TAMS 0x00000000a6700000, 0x00000000a6700000| Complete 
|  94|0x00000000a6800000, 0x00000000a6900000, 0x00000000a6900000|100%| E|CS|TAMS 0x00000000a6800000, 0x00000000a6800000| Complete 
|  95|0x00000000a6900000, 0x00000000a6a00000, 0x00000000a6a00000|100%| E|CS|TAMS 0x00000000a6900000, 0x00000000a6900000| Complete 

Card table byte_map: [0x000001b84ee80000,0x000001b84f180000] _byte_map_base: 0x000001b84e97b000

Marking Bits (Prev, Next): (CMBitMap*) 0x000001b83c198360, (CMBitMap*) 0x000001b83c1983a0
 Prev Bits: [0x000001b84f480000, 0x000001b850c58000)
 Next Bits: [0x000001b850c60000, 0x000001b852438000)

Polling page: 0x000001b83b940000

Metaspace:

Usage:
  Non-class:     12.48 MB capacity,    12.37 MB (>99%) used,    94.69 KB ( <1%) free+waste,    13.81 KB ( <1%) overhead. 
      Class:      1.30 MB capacity,     1.27 MB ( 98%) used,    26.88 KB (  2%) free+waste,     4.50 KB ( <1%) overhead. 
       Both:     13.78 MB capacity,    13.64 MB (>99%) used,   121.57 KB ( <1%) free+waste,    18.31 KB ( <1%) overhead. 

Virtual space:
  Non-class space:       16.00 MB reserved,      12.50 MB ( 78%) committed 
      Class space:        1.00 GB reserved,       1.38 MB ( <1%) committed 
             Both:        1.02 GB reserved,      13.88 MB (  1%) committed 

Chunk freelists:
   Non-Class:  21.00 KB
       Class:  15.00 KB
        Both:  36.00 KB

MaxMetaspaceSize: 17179869184.00 GB
CompressedClassSpaceSize: 1.00 GB

CodeHeap 'non-profiled nmethods': size=120000Kb used=293Kb max_used=293Kb free=119706Kb
 bounds [0x000001b847650000, 0x000001b8478c0000, 0x000001b84eb80000]
CodeHeap 'profiled nmethods': size=120000Kb used=1298Kb max_used=1298Kb free=118701Kb
 bounds [0x000001b840120000, 0x000001b840390000, 0x000001b847650000]
CodeHeap 'non-nmethods': size=5760Kb used=1201Kb max_used=1232Kb free=4558Kb
 bounds [0x000001b83fb80000, 0x000001b83fdf0000, 0x000001b840120000]
 total_blobs=1319 nmethods=849 adapters=383
 compilation: enabled
              stopped_count=0, restarted_count=0
 full_count=0

Compilation events (20 events):
Event: 0.941 Thread 0x000001b854963dc0 nmethod 837 0x000001b84025ec90 code [0x000001b84025ee80, 0x000001b84025f538]
Event: 0.941 Thread 0x000001b854963dc0  838       3       sun.util.locale.LocaleObjectCache$CacheEntry::<init> (12 bytes)
Event: 0.941 Thread 0x000001b854963dc0 nmethod 838 0x000001b84025f790 code [0x000001b84025f940, 0x000001b84025fcd8]
Event: 0.941 Thread 0x000001b854963dc0  839       3       sun.util.locale.BaseLocale$Key::normalize (67 bytes)
Event: 0.942 Thread 0x000001b8558a1070 nmethod 828 0x000001b84768ff90 code [0x000001b847690100, 0x000001b8476901f8]
Event: 0.942 Thread 0x000001b8558a1070  829       4       java.util.Collections::emptyList (4 bytes)
Event: 0.942 Thread 0x000001b854963dc0 nmethod 839 0x000001b84025fe10 code [0x000001b84025ffc0, 0x000001b840260228]
Event: 0.942 Thread 0x000001b854963dc0  833       3       sun.util.locale.StringTokenIterator::next (74 bytes)
Event: 0.942 Thread 0x000001b8558a1070 nmethod 829 0x000001b847690290 code [0x000001b847690400, 0x000001b847690458]
Event: 0.942 Thread 0x000001b854963dc0 nmethod 833 0x000001b840260310 code [0x000001b8402604e0, 0x000001b840260938]
Event: 0.942 Thread 0x000001b854963dc0  834       3       sun.util.locale.StringTokenIterator::hasNext (20 bytes)
Event: 0.943 Thread 0x000001b854963dc0 nmethod 834 0x000001b840260b10 code [0x000001b840260cc0, 0x000001b840260f18]
Event: 0.943 Thread 0x000001b854963dc0  840       3       sun.util.locale.LanguageTag::isExtlang (21 bytes)
Event: 0.943 Thread 0x000001b8558a1070  843       4       java.lang.StringUTF16::compress (50 bytes)
Event: 0.943 Thread 0x000001b854963dc0 nmethod 840 0x000001b840261010 code [0x000001b840261240, 0x000001b840261bb8]
Event: 0.944 Thread 0x000001b854963dc0  841       3       sun.util.locale.LanguageTag::isScript (21 bytes)
Event: 0.944 Thread 0x000001b854963dc0 nmethod 841 0x000001b840261f10 code [0x000001b840262140, 0x000001b840262ab8]
Event: 0.945 Thread 0x000001b854963dc0  842       3       java.util.Locale::getInstance (55 bytes)
Event: 0.945 Thread 0x000001b854963dc0 nmethod 842 0x000001b840262e10 code [0x000001b840263020, 0x000001b8402637b8]
Event: 0.945 Thread 0x000001b854963dc0  846       3       java.util.Locale::forLanguageTag (74 bytes)

GC Heap History (0 events):
No events

Deoptimization events (20 events):
Event: 0.792 Thread 0x000001b85573cd10 DEOPT PACKING pc=0x000001b84022d608 sp=0x000000a8ac1fa3b0
Event: 0.792 Thread 0x000001b85573cd10 DEOPT UNPACKING pc=0x000001b83fbce23f sp=0x000000a8ac1f9868 mode 0
Event: 0.795 Thread 0x000001b85573cd10 DEOPT PACKING pc=0x000001b84022d608 sp=0x000000a8ac1fa3b0
Event: 0.795 Thread 0x000001b85573cd10 DEOPT UNPACKING pc=0x000001b83fbce23f sp=0x000000a8ac1f9868 mode 0
Event: 0.795 Thread 0x000001b85573cd10 DEOPT PACKING pc=0x000001b84022d608 sp=0x000000a8ac1fa3b0
Event: 0.795 Thread 0x000001b85573cd10 DEOPT UNPACKING pc=0x000001b83fbce23f sp=0x000000a8ac1f9868 mode 0
Event: 0.796 Thread 0x000001b85573cd10 DEOPT PACKING pc=0x000001b84022d608 sp=0x000000a8ac1fa3b0
Event: 0.796 Thread 0x000001b85573cd10 DEOPT UNPACKING pc=0x000001b83fbce23f sp=0x000000a8ac1f9868 mode 0
Event: 0.798 Thread 0x000001b85573cd10 DEOPT PACKING pc=0x000001b84022d608 sp=0x000000a8ac1fa3b0
Event: 0.798 Thread 0x000001b85573cd10 DEOPT UNPACKING pc=0x000001b83fbce23f sp=0x000000a8ac1f9868 mode 0
Event: 0.798 Thread 0x000001b85573cd10 DEOPT PACKING pc=0x000001b84022d608 sp=0x000000a8ac1fa3b0
Event: 0.798 Thread 0x000001b85573cd10 DEOPT UNPACKING pc=0x000001b83fbce23f sp=0x000000a8ac1f9868 mode 0
Event: 0.798 Thread 0x000001b85573cd10 DEOPT PACKING pc=0x000001b84022d608 sp=0x000000a8ac1fa3b0
Event: 0.798 Thread 0x000001b85573cd10 DEOPT UNPACKING pc=0x000001b83fbce23f sp=0x000000a8ac1f9868 mode 0
Event: 0.818 Thread 0x000001b85573cd10 DEOPT PACKING pc=0x000001b84022d83d sp=0x000000a8ac1fcdc0
Event: 0.818 Thread 0x000001b85573cd10 DEOPT UNPACKING pc=0x000001b83fbce23f sp=0x000000a8ac1fc278 mode 0
Event: 0.818 Thread 0x000001b85573cd10 DEOPT PACKING pc=0x000001b84022d83d sp=0x000000a8ac1fcdc0
Event: 0.818 Thread 0x000001b85573cd10 DEOPT UNPACKING pc=0x000001b83fbce23f sp=0x000000a8ac1fc278 mode 0
Event: 0.825 Thread 0x000001b85573cd10 DEOPT PACKING pc=0x000001b84022d83d sp=0x000000a8ac1fc2f0
Event: 0.825 Thread 0x000001b85573cd10 DEOPT UNPACKING pc=0x000001b83fbce23f sp=0x000000a8ac1fb7a8 mode 0

Classes unloaded (0 events):
No events

Classes redefined (0 events):
No events

Internal exceptions (14 events):
Event: 0.211 Thread 0x000001b83c163f10 Exception <a 'java/lang/NoSuchMethodError'{0x00000000a69fc2f8}: 'void java.lang.invoke.DirectMethodHandle$Holder.invokeVirtual(java.lang.Object, java.lang.Object)'> (0x00000000a69fc2f8) 
thrown [./open/src/hotspot/share/interpreter/linkResolver.cpp, line 782]
Event: 0.355 Thread 0x000001b83c163f10 Exception <a 'java/lang/NoSuchMethodError'{0x00000000a67cd140}: 'void java.lang.invoke.DirectMethodHandle$Holder.invokeSpecial(java.lang.Object, java.lang.Object, java.lang.Object, java.lang.Object, java.lang.Object)'> (0x00000000a67cd140) 
thrown [./open/src/hotspot/share/interpreter/linkResolver.cpp, line 782]
Event: 0.366 Thread 0x000001b83c163f10 Exception <a 'java/lang/NoSuchMethodError'{0x00000000a67e34a8}: 'java.lang.Object java.lang.invoke.DirectMethodHandle$Holder.invokeInterface(java.lang.Object, java.lang.Object)'> (0x00000000a67e34a8) 
thrown [./open/src/hotspot/share/interpreter/linkResolver.cpp, line 782]
Event: 0.367 Thread 0x000001b83c163f10 Exception <a 'java/lang/IncompatibleClassChangeError'{0x00000000a67e6bf8}: Found class java.lang.Object, but interface was expected> (0x00000000a67e6bf8) 
thrown [./open/src/hotspot/share/interpreter/linkResolver.cpp, line 848]
Event: 0.368 Thread 0x000001b83c163f10 Exception <a 'java/lang/NoSuchMethodError'{0x00000000a67e9bf0}: 'void java.lang.invoke.DirectMethodHandle$Holder.invokeStatic(java.lang.Object, java.lang.Object, java.lang.Object, java.lang.Object)'> (0x00000000a67e9bf0) 
thrown [./open/src/hotspot/share/interpreter/linkResolver.cpp, line 782]
Event: 0.412 Thread 0x000001b83c163f10 Exception <a 'java/lang/ClassNotFoundException'{0x00000000a665b2d0}: sun/awt/resources/spi/awtProvider> (0x00000000a665b2d0) 
thrown [./open/src/hotspot/share/classfile/systemDictionary.cpp, line 295]
Event: 0.469 Thread 0x000001b83c163f10 Exception <a 'java/io/FileNotFoundException'{0x00000000a66b2b88}> (0x00000000a66b2b88) 
thrown [./open/src/hotspot/share/prims/jni.cpp, line 578]
Event: 0.476 Thread 0x000001b83c163f10 Exception <a 'java/io/FileNotFoundException'{0x00000000a66e1650}> (0x00000000a66e1650) 
thrown [./open/src/hotspot/share/prims/jni.cpp, line 578]
Event: 0.477 Thread 0x000001b83c163f10 Exception <a 'java/lang/NoSuchMethodError'{0x00000000a66e2880}: 'java.lang.Object java.lang.invoke.DirectMethodHandle$Holder.invokeStatic(java.lang.Object)'> (0x00000000a66e2880) 
thrown [./open/src/hotspot/share/interpreter/linkResolver.cpp, line 782]
Event: 0.484 Thread 0x000001b83c163f10 Exception <a 'java/lang/NoSuchMethodError'{0x00000000a66eaac0}: 'void java.lang.invoke.DirectMethodHandle$Holder.invokeSpecial(java.lang.Object, java.lang.Object, java.lang.Object)'> (0x00000000a66eaac0) 
thrown [./open/src/hotspot/share/interpreter/linkResolver.cpp, line 782]
Event: 0.487 Thread 0x000001b83c163f10 Exception <a 'sun/nio/fs/WindowsException'{0x00000000a66f6b38}> (0x00000000a66f6b38) 
thrown [./open/src/hotspot/share/prims/jni.cpp, line 578]
Event: 0.532 Thread 0x000001b83c163f10 Exception <a 'java/lang/NoSuchMethodError'{0x00000000a656d888}: 'java.lang.Object java.lang.invoke.DirectMethodHandle$Holder.invokeStaticInit(java.lang.Object)'> (0x00000000a656d888) 
thrown [./open/src/hotspot/share/interpreter/linkResolver.cpp, line 782]
Event: 0.606 Thread 0x000001b85573cd10 Exception <a 'java/lang/NoSuchMethodError'{0x00000000a634eda0}: 'void java.lang.invoke.DirectMethodHandle$Holder.invokeStatic(java.lang.Object, java.lang.Object)'> (0x00000000a634eda0) 
thrown [./open/src/hotspot/share/interpreter/linkResolver.cpp, line 782]
Event: 0.606 Thread 0x000001b85573cd10 Exception <a 'java/lang/NoSuchMethodError'{0x00000000a6352580}: 'void java.lang.invoke.DirectMethodHandle$Holder.invokeStaticInit(java.lang.Object, java.lang.Object)'> (0x00000000a6352580) 
thrown [./open/src/hotspot/share/interpreter/linkResolver.cpp, line 782]

Events (20 events):
Event: 0.920 loading class java/text/spi/NumberFormatProvider
Event: 0.920 loading class java/text/spi/NumberFormatProvider done
Event: 0.920 loading class java/util/spi/CurrencyNameProvider
Event: 0.920 loading class java/util/spi/CurrencyNameProvider done
Event: 0.920 loading class java/util/spi/LocaleNameProvider
Event: 0.920 loading class java/util/spi/LocaleNameProvider done
Event: 0.920 loading class java/util/spi/TimeZoneNameProvider
Event: 0.920 loading class java/util/spi/TimeZoneNameProvider done
Event: 0.920 loading class sun/util/locale/provider/CalendarDataUtility$CalendarWeekParameterGetter
Event: 0.920 loading class sun/util/locale/provider/LocaleServiceProviderPool$LocalizedObjectGetter
Event: 0.920 loading class sun/util/locale/provider/LocaleServiceProviderPool$LocalizedObjectGetter done
Event: 0.920 loading class sun/util/locale/provider/CalendarDataUtility$CalendarWeekParameterGetter done
Event: 0.920 loading class java/util/ResourceBundle$NoFallbackControl
Event: 0.920 loading class java/util/ResourceBundle$SingleFormatControl
Event: 0.920 loading class java/util/ResourceBundle$SingleFormatControl done
Event: 0.920 loading class java/util/ResourceBundle$NoFallbackControl done
Event: 0.921 loading class sun/util/cldr/CLDRCalendarDataProviderImpl
Event: 0.921 loading class sun/util/locale/provider/CalendarDataProviderImpl
Event: 0.921 loading class sun/util/locale/provider/CalendarDataProviderImpl done
Event: 0.921 loading class sun/util/cldr/CLDRCalendarDataProviderImpl done


Dynamic libraries:
0x00007ff7e12a0000 - 0x00007ff7e12ad000 	C:\Users\PC\.p2\pool\plugins\org.eclipse.justj.openjdk.hotspot.jre.full.win32.x86_64_15.0.1.v20201027-0507\jre\bin\javaw.exe
0x00007ffb87ad0000 - 0x00007ffb87cc5000 	C:\WINDOWS\SYSTEM32\ntdll.dll
0x00007ffb85f10000 - 0x00007ffb85fce000 	C:\WINDOWS\System32\KERNEL32.DLL
0x00007ffb85850000 - 0x00007ffb85b19000 	C:\WINDOWS\System32\KERNELBASE.dll
0x00007ffb85330000 - 0x00007ffb85430000 	C:\WINDOWS\System32\ucrtbase.dll
0x00007ffb5e100000 - 0x00007ffb5e118000 	C:\Users\PC\.p2\pool\plugins\org.eclipse.justj.openjdk.hotspot.jre.full.win32.x86_64_15.0.1.v20201027-0507\jre\bin\jli.dll
0x00007ffb85cb0000 - 0x00007ffb85e51000 	C:\WINDOWS\System32\USER32.dll
0x00007ffb85820000 - 0x00007ffb85842000 	C:\WINDOWS\System32\win32u.dll
0x00007ffb85c80000 - 0x00007ffb85cab000 	C:\WINDOWS\System32\GDI32.dll
0x00007ffb85580000 - 0x00007ffb8568b000 	C:\WINDOWS\System32\gdi32full.dll
0x00007ffb85490000 - 0x00007ffb8552d000 	C:\WINDOWS\System32\msvcp_win.dll
0x00007ffb63da0000 - 0x00007ffb63db9000 	C:\Users\PC\.p2\pool\plugins\org.eclipse.justj.openjdk.hotspot.jre.full.win32.x86_64_15.0.1.v20201027-0507\jre\bin\VCRUNTIME140.dll
0x00007ffb73180000 - 0x00007ffb7341a000 	C:\WINDOWS\WinSxS\amd64_microsoft.windows.common-controls_6595b64144ccf1df_6.0.19041.1110_none_60b5254171f9507e\COMCTL32.dll
0x00007ffb86530000 - 0x00007ffb865ce000 	C:\WINDOWS\System32\msvcrt.dll
0x00007ffb86af0000 - 0x00007ffb86b20000 	C:\WINDOWS\System32\IMM32.DLL
0x00007ffb75100000 - 0x00007ffb7510c000 	C:\Users\PC\.p2\pool\plugins\org.eclipse.justj.openjdk.hotspot.jre.full.win32.x86_64_15.0.1.v20201027-0507\jre\bin\vcruntime140_1.dll
0x00007ffb32610000 - 0x00007ffb326a1000 	C:\Users\PC\.p2\pool\plugins\org.eclipse.justj.openjdk.hotspot.jre.full.win32.x86_64_15.0.1.v20201027-0507\jre\bin\msvcp140.dll
0x00007ffb0d520000 - 0x00007ffb0e07e000 	C:\Users\PC\.p2\pool\plugins\org.eclipse.justj.openjdk.hotspot.jre.full.win32.x86_64_15.0.1.v20201027-0507\jre\bin\server\jvm.dll
0x00007ffb85e60000 - 0x00007ffb85f0c000 	C:\WINDOWS\System32\ADVAPI32.dll
0x00007ffb85be0000 - 0x00007ffb85c7b000 	C:\WINDOWS\System32\sechost.dll
0x00007ffb86100000 - 0x00007ffb8622a000 	C:\WINDOWS\System32\RPCRT4.dll
0x00007ffb87820000 - 0x00007ffb87828000 	C:\WINDOWS\System32\PSAPI.DLL
0x00007ffb80d50000 - 0x00007ffb80d59000 	C:\WINDOWS\SYSTEM32\WSOCK32.dll
0x00007ffb864b0000 - 0x00007ffb8651b000 	C:\WINDOWS\System32\WS2_32.dll
0x00007ffb7abc0000 - 0x00007ffb7abe7000 	C:\WINDOWS\SYSTEM32\WINMM.dll
0x00007ffb7c430000 - 0x00007ffb7c43a000 	C:\WINDOWS\SYSTEM32\VERSION.dll
0x00007ffb83110000 - 0x00007ffb83122000 	C:\WINDOWS\SYSTEM32\kernel.appcore.dll
0x00007ffb80d40000 - 0x00007ffb80d4a000 	C:\Users\PC\.p2\pool\plugins\org.eclipse.justj.openjdk.hotspot.jre.full.win32.x86_64_15.0.1.v20201027-0507\jre\bin\jimage.dll
0x00007ffb7e2f0000 - 0x00007ffb7e4d4000 	C:\WINDOWS\SYSTEM32\DBGHELP.DLL
0x00007ffb6f260000 - 0x00007ffb6f28c000 	C:\WINDOWS\SYSTEM32\dbgcore.DLL
0x00007ffb851f0000 - 0x00007ffb85273000 	C:\WINDOWS\System32\bcryptPrimitives.dll
0x00007ffb5bb50000 - 0x00007ffb5bb75000 	C:\Users\PC\.p2\pool\plugins\org.eclipse.justj.openjdk.hotspot.jre.full.win32.x86_64_15.0.1.v20201027-0507\jre\bin\java.dll
0x00007ffb74f70000 - 0x00007ffb74f88000 	C:\Users\PC\.p2\pool\plugins\org.eclipse.justj.openjdk.hotspot.jre.full.win32.x86_64_15.0.1.v20201027-0507\jre\bin\zip.dll
0x00007ffb870e0000 - 0x00007ffb8781f000 	C:\WINDOWS\System32\SHELL32.dll
0x00007ffb83310000 - 0x00007ffb83aa0000 	C:\WINDOWS\SYSTEM32\windows.storage.dll
0x00007ffb86770000 - 0x00007ffb86ac5000 	C:\WINDOWS\System32\combase.dll
0x00007ffb84c40000 - 0x00007ffb84c6c000 	C:\WINDOWS\SYSTEM32\Wldp.dll
0x00007ffb879e0000 - 0x00007ffb87a8d000 	C:\WINDOWS\System32\SHCORE.dll
0x00007ffb86710000 - 0x00007ffb86765000 	C:\WINDOWS\System32\shlwapi.dll
0x00007ffb85130000 - 0x00007ffb8514f000 	C:\WINDOWS\SYSTEM32\profapi.dll
0x00007ffb61570000 - 0x00007ffb61589000 	C:\Users\PC\.p2\pool\plugins\org.eclipse.justj.openjdk.hotspot.jre.full.win32.x86_64_15.0.1.v20201027-0507\jre\bin\net.dll
0x00007ffb7c730000 - 0x00007ffb7c838000 	C:\WINDOWS\SYSTEM32\WINHTTP.dll
0x00007ffb849a0000 - 0x00007ffb84a0a000 	C:\WINDOWS\system32\mswsock.dll
0x00007ffb614f0000 - 0x00007ffb61502000 	C:\Users\PC\.p2\pool\plugins\org.eclipse.justj.openjdk.hotspot.jre.full.win32.x86_64_15.0.1.v20201027-0507\jre\bin\nio.dll
0x00007ffb589c0000 - 0x00007ffb58b3f000 	C:\Users\PC\.p2\pool\plugins\org.eclipse.justj.openjdk.hotspot.jre.full.win32.x86_64_15.0.1.v20201027-0507\jre\bin\awt.dll
0x00007ffb86230000 - 0x00007ffb862fd000 	C:\WINDOWS\System32\OLEAUT32.dll
0x00007ffb82970000 - 0x00007ffb82a00000 	C:\WINDOWS\SYSTEM32\apphelp.dll
0x00007ffb82c10000 - 0x00007ffb82cae000 	C:\WINDOWS\system32\uxtheme.dll
0x00007ffb87830000 - 0x00007ffb87945000 	C:\WINDOWS\System32\MSCTF.dll
0x00007ffb85fd0000 - 0x00007ffb860fa000 	C:\WINDOWS\System32\ole32.dll

dbghelp: loaded successfully - version: 4.0.5 - missing functions: none
symbol engine: initialized successfully - sym options: 0x614 - pdb path: .;C:\Users\PC\.p2\pool\plugins\org.eclipse.justj.openjdk.hotspot.jre.full.win32.x86_64_15.0.1.v20201027-0507\jre\bin;C:\WINDOWS\SYSTEM32;C:\WINDOWS\WinSxS\amd64_microsoft.windows.common-controls_6595b64144ccf1df_6.0.19041.1110_none_60b5254171f9507e;C:\Users\PC\.p2\pool\plugins\org.eclipse.justj.openjdk.hotspot.jre.full.win32.x86_64_15.0.1.v20201027-0507\jre\bin\server

VM Arguments:
jvm_args: -Dfile.encoding=UTF-8 --module-path=C:\Users\PC\OneDrive\School\שנה ג\סמסטר קיץ\הנדסת תוכנה\עבודות הגשה\עבודה 1\קבצים של ליאור\AutoSched\bin;C:\Users\PC\OneDrive\School\שנה ג\סמסטר קיץ\הנדסת תוכנה\עבודות הגשה\עבודה 1\קבצים של ליאור\AutoSched\Libs\JPlanner.jar -XX:+ShowCodeDetailsInExceptionMessages -Djdk.module.main=AutoSched 
java_command: AutoSched/MainPack.Application
java_class_path (initial): C:\Users\PC\OneDrive\School\שנה ג\סמסטר קיץ\הנדסת תוכנה\עבודות הגשה\עבודה 1\קבצים של ליאור\AutoSched\jgoodies-forms-1.8.0.jar
Launcher Type: SUN_STANDARD

[Global flags]
     intx CICompilerCount                          = 3                                         {product} {ergonomic}
     uint ConcGCThreads                            = 1                                         {product} {ergonomic}
     uint G1ConcRefinementThreads                  = 4                                         {product} {ergonomic}
   size_t G1HeapRegionSize                         = 1048576                                   {product} {ergonomic}
    uintx GCDrainStackTargetSize                   = 64                                        {product} {ergonomic}
   size_t InitialHeapSize                          = 100663296                                 {product} {ergonomic}
   size_t MarkStackSize                            = 4194304                                   {product} {ergonomic}
   size_t MaxHeapSize                              = 1600126976                                {product} {ergonomic}
   size_t MaxNewSize                               = 959447040                                 {product} {ergonomic}
   size_t MinHeapDeltaBytes                        = 1048576                                   {product} {ergonomic}
   size_t MinHeapSize                              = 8388608                                   {product} {ergonomic}
    uintx NonNMethodCodeHeapSize                   = 5832780                                {pd product} {ergonomic}
    uintx NonProfiledCodeHeapSize                  = 122912730                              {pd product} {ergonomic}
    uintx ProfiledCodeHeapSize                     = 122912730                              {pd product} {ergonomic}
    uintx ReservedCodeCacheSize                    = 251658240                              {pd product} {ergonomic}
     bool SegmentedCodeCache                       = true                                      {product} {ergonomic}
     bool ShowCodeDetailsInExceptionMessages       = true                                   {manageable} {command line}
   size_t SoftMaxHeapSize                          = 1600126976                             {manageable} {ergonomic}
     bool UseCompressedClassPointers               = true                                 {lp64_product} {ergonomic}
     bool UseCompressedOops                        = true                                 {lp64_product} {ergonomic}
     bool UseG1GC                                  = true                                      {product} {ergonomic}
     bool UseLargePagesIndividualAllocation        = false                                  {pd product} {ergonomic}

Logging:
Log output configuration:
 #0: stdout all=warning uptime,level,tags
 #1: stderr all=off uptime,level,tags

Environment Variables:
PATH=C:/Users/PC/.p2/pool/plugins/org.eclipse.justj.openjdk.hotspot.jre.full.win32.x86_64_15.0.1.v20201027-0507/jre/bin/server;C:/Users/PC/.p2/pool/plugins/org.eclipse.justj.openjdk.hotspot.jre.full.win32.x86_64_15.0.1.v20201027-0507/jre/bin;C:\WINDOWS\system32;C:\WINDOWS;C:\WINDOWS\System32\Wbem;C:\WINDOWS\System32\WindowsPowerShell\v1.0\;C:\WINDOWS\System32\OpenSSH\;C:\Program Files\Microsoft SQL Server\Client SDK\ODBC\170\Tools\Binn\;C:\Program Files (x86)\Microsoft SQL Server\150\Tools\Binn\;C:\Program Files\Microsoft SQL Server\150\Tools\Binn\;C:\Program Files\Microsoft SQL Server\150\DTS\Binn\;C:\Program Files (x86)\Microsoft SQL Server\150\DTS\Binn\;C:\Program Files\Azure Data Studio\bin;C:\Program Files\Microsoft SQL Server\130\Tools\Binn\;C:\Program Files\MATLAB\R2020b\bin;c:\altera\91sp2\quartus\bin;C:\Program Files\nodejs\;C:\Program Files\dotnet\;C:\Program Files\Git\cmd;C:\Users\PC\AppData\Local\Programs\Python\Python38\Scripts;C:\Users\PC\AppData\Local\Programs\Python\Python39\Scripts\;C:\Users\PC\AppData\Local\Programs\Python\Python39\;C:\Users\PC\AppData\Local\Microsoft\WindowsApps;C:\Program Files\Azure Data Studio\bin;C:\Users\PC\AppData\Local\Programs\Microsoft VS Code\bin;C:\Users\PC\AppData\Roaming\npm;C:\Users\PC\.dotnet\tools;;C:\WINDOWS\system32;
USERNAME=PC
OS=Windows_NT
PROCESSOR_IDENTIFIER=Intel64 Family 6 Model 58 Stepping 9, GenuineIntel



---------------  S Y S T E M  ---------------

OS:
 Windows 10 , 64 bit Build 19041 (10.0.19041.1202)
OS uptime: 1 days 20:28 hours

CPU: total 4 (initial active 4) (2 cores per cpu, 2 threads per core) family 6 model 58 stepping 9 microcode 0x21, cmov, cx8, fxsr, mmx, sse, sse2, sse3, ssse3, sse4.1, sse4.2, popcnt, vzeroupper, avx, clmul, erms, ht, tsc, tscinvbit, tscinv, clflush

Memory: 4k page, system-wide physical 6099M (468M free)
TotalPageFile size 10356M (AvailPageFile size 4M)
current process WorkingSet (physical memory assigned to process): 72M, peak: 72M
current process commit charge ("private bytes"): 186M, peak: 187M

vm_info: OpenJDK 64-Bit Server VM (15.0.1+9-18) for windows-amd64 JRE (15.0.1+9-18), built on Sep 15 2020 14:39:31 by "mach5one" with unknown MS VC++:1925

END.
