#
# There is insufficient memory for the Java Runtime Environment to continue.
# Native memory allocation (mmap) failed to map 100663296 bytes for G1 virtual space
# Possible reasons:
#   The system is out of physical RAM or swap space
#   The process is running with CompressedOops enabled, and the Java Heap may be blocking the growth of the native heap
# Possible solutions:
#   Reduce memory load on the system
#   Increase physical memory or swap space
#   Check if swap backing store is full
#   Decrease Java heap size (-Xmx/-Xms)
#   Decrease number of Java threads
#   Decrease Java thread stack sizes (-Xss)
#   Set larger code cache with -XX:ReservedCodeCacheSize=
#   JVM is running with Unscaled Compressed Oops mode in which the Java heap is
#     placed in the first 4GB address space. The Java Heap base address is the
#     maximum limit for the native heap growth. Please use -XX:HeapBaseMinAddress
#     to set the Java Heap base and to place the Java Heap above 4GB virtual address.
# This output file may be truncated or incomplete.
#
#  Out of Memory Error (./open/src/hotspot/os/windows/os_windows.cpp:3472), pid=2684, tid=1224
#
# JRE version:  (15.0.1+9) (build )
# Java VM: OpenJDK 64-Bit Server VM (15.0.1+9-18, mixed mode, sharing, tiered, compressed oops, g1 gc, windows-amd64)
# No core dump will be written. Minidumps are not enabled by default on client versions of Windows
#

---------------  S U M M A R Y ------------

Command Line: -Dfile.encoding=UTF-8 --module-path=C:\Users\PC\OneDrive\School\שנה ג\סמסטר קיץ\הנדסת תוכנה\עבודות הגשה\עבודה 1\קבצים של ליאור\AutoSched\bin;C:\Users\PC\OneDrive\School\שנה ג\סמסטר קיץ\הנדסת תוכנה\עבודות הגשה\עבודה 1\קבצים של ליאור\AutoSched\Libs\JPlanner.jar -XX:+ShowCodeDetailsInExceptionMessages -Djdk.module.main=AutoSched AutoSched/MainPack.Application

Host: Intel(R) Core(TM) i3-3240 CPU @ 3.40GHz, 4 cores, 5G,  Windows 10 , 64 bit Build 19041 (10.0.19041.1202)
Time: Mon Oct 25 20:23:38 2021 Jerusalem Daylight Time elapsed time: 0.018297 seconds (0d 0h 0m 0s)

---------------  T H R E A D  ---------------

Current thread (0x000001bc3c3be720):  JavaThread "Unknown thread" [_thread_in_vm, id=1224, stack(0x0000005069d00000,0x0000005069e00000)]

Stack: [0x0000005069d00000,0x0000005069e00000]
Native frames: (J=compiled Java code, j=interpreted, Vv=VM code, C=native code)
V  [jvm.dll+0x62ae9a]
V  [jvm.dll+0x781389]
V  [jvm.dll+0x782ae3]
V  [jvm.dll+0x783143]
V  [jvm.dll+0x216265]
V  [jvm.dll+0x6281d9]
V  [jvm.dll+0x61cd15]
V  [jvm.dll+0x2d01fd]
V  [jvm.dll+0x2d0062]
V  [jvm.dll+0x2d603c]
V  [jvm.dll+0x325b2a]
V  [jvm.dll+0x3251f4]
V  [jvm.dll+0x2a717a]
V  [jvm.dll+0x2a8318]
V  [jvm.dll+0x75e101]
V  [jvm.dll+0x3343e4]
V  [jvm.dll+0x73e826]
V  [jvm.dll+0x3b7777]
V  [jvm.dll+0x3b9201]
C  [jli.dll+0x52fb]
C  [ucrtbase.dll+0x21bb2]
C  [KERNEL32.DLL+0x17034]
C  [ntdll.dll+0x52651]


---------------  P R O C E S S  ---------------

Threads class SMR info:
_java_thread_list=0x00007ffe40c04ff0, length=0, elements={
}

Java Threads: ( => current thread )

Other Threads:
  0x000001bc3c3f6300 GCTaskThread "GC Thread#0" [stack: 0x0000005069e00000,0x0000005069f00000] [id=12440]
  0x000001bc3c403c30 ConcurrentGCThread "G1 Main Marker" [stack: 0x0000005069f00000,0x000000506a000000] [id=11724]
  0x000001bc3c4048a0 ConcurrentGCThread "G1 Conc#0" [stack: 0x000000506a000000,0x000000506a100000] [id=11380]

[error occurred during error reporting (printing all threads), id 0xc0000005, EXCEPTION_ACCESS_VIOLATION (0xc0000005) at pc=0x00007ffe403f8047]

VM state: not at safepoint (not fully initialized)

VM Mutex/Monitor currently owned by a thread:  ([mutex/lock_event])
[0x000001bc3c3ba1c0] Heap_lock - owner thread: 0x000001bc3c3be720

Heap address: 0x00000000a0a00000, size: 1526 MB, Compressed Oops mode: 32-bit
CDS archive(s) mapped at: [0x0000000000000000-0x0000000000000000-0x0000000000000000), size 0, SharedBaseAddress: 0x0000000800000000, ArchiveRelocationMode: 0.
Narrow klass base: 0x0000000000000000, Narrow klass shift: 0, Narrow klass range: 0x0

Heap:
 garbage-first heap   total 98304K, used 0K [0x00000000a0a00000, 0x0000000100000000)
  region size 1024K, 0 young (0K), 0 survivors (0K)
 Metaspace       used 0K, capacity 0K, committed 0K, reserved 0K
  class space    used 0K, capacity 0K, committed 0K, reserved 0K

Heap Regions: E=young(eden), S=young(survivor), O=old, HS=humongous(starts), HC=humongous(continues), CS=collection set, F=free, OA=open archive, CA=closed archive, TAMS=top-at-mark-start (previous, next)

Card table byte_map: [0x000001bc4f0e0000,0x000001bc4f3e0000] _byte_map_base: 0x000001bc4ebdb000

Marking Bits (Prev, Next): (CMBitMap*) 0x000001bc3c3f6b70, (CMBitMap*) 0x000001bc3c3f6bb0
 Prev Bits: [0x000001bc4f6e0000, 0x000001bc50eb8000)
 Next Bits: [0x000001bc50ec0000, 0x000001bc52698000)

GC Heap History (0 events):
No events

Deoptimization events (0 events):
No events

Classes unloaded (0 events):
No events

Classes redefined (0 events):
No events

Internal exceptions (0 events):
No events

Events (1 events):
Event: 0.009 Loaded shared library C:\Users\PC\.p2\pool\plugins\org.eclipse.justj.openjdk.hotspot.jre.full.win32.x86_64_15.0.1.v20201027-0507\jre\bin\java.dll


Dynamic libraries:
0x00007ff68a130000 - 0x00007ff68a13d000 	C:\Users\PC\.p2\pool\plugins\org.eclipse.justj.openjdk.hotspot.jre.full.win32.x86_64_15.0.1.v20201027-0507\jre\bin\javaw.exe
0x00007ffeb8410000 - 0x00007ffeb8605000 	C:\WINDOWS\SYSTEM32\ntdll.dll
0x00007ffeb7e00000 - 0x00007ffeb7ebe000 	C:\WINDOWS\System32\KERNEL32.DLL
0x00007ffeb5dd0000 - 0x00007ffeb6099000 	C:\WINDOWS\System32\KERNELBASE.dll
0x00007ffeb61d0000 - 0x00007ffeb62d0000 	C:\WINDOWS\System32\ucrtbase.dll
0x00007ffeb15c0000 - 0x00007ffeb15d8000 	C:\Users\PC\.p2\pool\plugins\org.eclipse.justj.openjdk.hotspot.jre.full.win32.x86_64_15.0.1.v20201027-0507\jre\bin\jli.dll
0x00007ffeb65c0000 - 0x00007ffeb6761000 	C:\WINDOWS\System32\USER32.dll
0x00007ffeb60a0000 - 0x00007ffeb60c2000 	C:\WINDOWS\System32\win32u.dll
0x00007ffeb6590000 - 0x00007ffeb65bb000 	C:\WINDOWS\System32\GDI32.dll
0x00007ffea6000000 - 0x00007ffea6019000 	C:\Users\PC\.p2\pool\plugins\org.eclipse.justj.openjdk.hotspot.jre.full.win32.x86_64_15.0.1.v20201027-0507\jre\bin\VCRUNTIME140.dll
0x00007ffeb5cc0000 - 0x00007ffeb5dcb000 	C:\WINDOWS\System32\gdi32full.dll
0x00007ffeb60d0000 - 0x00007ffeb616d000 	C:\WINDOWS\System32\msvcp_win.dll
0x00007ffea3ae0000 - 0x00007ffea3d7a000 	C:\WINDOWS\WinSxS\amd64_microsoft.windows.common-controls_6595b64144ccf1df_6.0.19041.1110_none_60b5254171f9507e\COMCTL32.dll
0x00007ffeb8250000 - 0x00007ffeb82ee000 	C:\WINDOWS\System32\msvcrt.dll
0x00007ffeb7140000 - 0x00007ffeb7170000 	C:\WINDOWS\System32\IMM32.DLL
0x00007ffea6590000 - 0x00007ffea659c000 	C:\Users\PC\.p2\pool\plugins\org.eclipse.justj.openjdk.hotspot.jre.full.win32.x86_64_15.0.1.v20201027-0507\jre\bin\vcruntime140_1.dll
0x00007ffea5c20000 - 0x00007ffea5cb1000 	C:\Users\PC\.p2\pool\plugins\org.eclipse.justj.openjdk.hotspot.jre.full.win32.x86_64_15.0.1.v20201027-0507\jre\bin\msvcp140.dll
0x00007ffe40140000 - 0x00007ffe40c9e000 	C:\Users\PC\.p2\pool\plugins\org.eclipse.justj.openjdk.hotspot.jre.full.win32.x86_64_15.0.1.v20201027-0507\jre\bin\server\jvm.dll
0x00007ffeb7560000 - 0x00007ffeb760c000 	C:\WINDOWS\System32\ADVAPI32.dll
0x00007ffeb80e0000 - 0x00007ffeb817b000 	C:\WINDOWS\System32\sechost.dll
0x00007ffeb72a0000 - 0x00007ffeb73ca000 	C:\WINDOWS\System32\RPCRT4.dll
0x00007ffeb64d0000 - 0x00007ffeb64d8000 	C:\WINDOWS\System32\PSAPI.DLL
0x00007ffeb24b0000 - 0x00007ffeb24b9000 	C:\WINDOWS\SYSTEM32\WSOCK32.dll
0x00007ffeab9d0000 - 0x00007ffeab9f7000 	C:\WINDOWS\SYSTEM32\WINMM.dll
0x00007ffeb81e0000 - 0x00007ffeb824b000 	C:\WINDOWS\System32\WS2_32.dll
0x00007ffead340000 - 0x00007ffead34a000 	C:\WINDOWS\SYSTEM32\VERSION.dll
0x00007ffeb3a50000 - 0x00007ffeb3a62000 	C:\WINDOWS\SYSTEM32\kernel.appcore.dll
0x00007ffeb16c0000 - 0x00007ffeb16ca000 	C:\Users\PC\.p2\pool\plugins\org.eclipse.justj.openjdk.hotspot.jre.full.win32.x86_64_15.0.1.v20201027-0507\jre\bin\jimage.dll
0x00007ffeae300000 - 0x00007ffeae4e4000 	C:\WINDOWS\SYSTEM32\DBGHELP.DLL
0x00007ffe99b20000 - 0x00007ffe99b4c000 	C:\WINDOWS\SYSTEM32\dbgcore.DLL
0x00007ffeb63d0000 - 0x00007ffeb6453000 	C:\WINDOWS\System32\bcryptPrimitives.dll
0x00007ffeab8e0000 - 0x00007ffeab905000 	C:\Users\PC\.p2\pool\plugins\org.eclipse.justj.openjdk.hotspot.jre.full.win32.x86_64_15.0.1.v20201027-0507\jre\bin\java.dll

dbghelp: loaded successfully - version: 4.0.5 - missing functions: none
symbol engine: initialized successfully - sym options: 0x614 - pdb path: .;C:\Users\PC\.p2\pool\plugins\org.eclipse.justj.openjdk.hotspot.jre.full.win32.x86_64_15.0.1.v20201027-0507\jre\bin;C:\WINDOWS\SYSTEM32;C:\WINDOWS\WinSxS\amd64_microsoft.windows.common-controls_6595b64144ccf1df_6.0.19041.1110_none_60b5254171f9507e;C:\Users\PC\.p2\pool\plugins\org.eclipse.justj.openjdk.hotspot.jre.full.win32.x86_64_15.0.1.v20201027-0507\jre\bin\server

VM Arguments:
jvm_args: -Dfile.encoding=UTF-8 --module-path=C:\Users\PC\OneDrive\School\שנה ג\סמסטר קיץ\הנדסת תוכנה\עבודות הגשה\עבודה 1\קבצים של ליאור\AutoSched\bin;C:\Users\PC\OneDrive\School\שנה ג\סמסטר קיץ\הנדסת תוכנה\עבודות הגשה\עבודה 1\קבצים של ליאור\AutoSched\Libs\JPlanner.jar -XX:+ShowCodeDetailsInExceptionMessages -Djdk.module.main=AutoSched 
java_command: AutoSched/MainPack.Application
java_class_path (initial): C:\Users\PC\OneDrive\School\שנה ג\סמסטר קיץ\הנדסת תוכנה\עבודות הגשה\עבודה 1\קבצים של ליאור\AutoSched\jgoodies-forms-1.8.0.jar
Launcher Type: SUN_STANDARD

[Global flags]
     intx CICompilerCount                          = 3                                         {product} {ergonomic}
     uint ConcGCThreads                            = 1                                         {product} {ergonomic}
     uint G1ConcRefinementThreads                  = 4                                         {product} {ergonomic}
   size_t G1HeapRegionSize                         = 1048576                                   {product} {ergonomic}
    uintx GCDrainStackTargetSize                   = 64                                        {product} {ergonomic}
   size_t InitialHeapSize                          = 100663296                                 {product} {ergonomic}
   size_t MarkStackSize                            = 4194304                                   {product} {ergonomic}
   size_t MaxHeapSize                              = 1600126976                                {product} {ergonomic}
   size_t MinHeapDeltaBytes                        = 1048576                                   {product} {ergonomic}
   size_t MinHeapSize                              = 8388608                                   {product} {ergonomic}
    uintx NonNMethodCodeHeapSize                   = 5832780                                {pd product} {ergonomic}
    uintx NonProfiledCodeHeapSize                  = 122912730                              {pd product} {ergonomic}
    uintx ProfiledCodeHeapSize                     = 122912730                              {pd product} {ergonomic}
    uintx ReservedCodeCacheSize                    = 251658240                              {pd product} {ergonomic}
     bool SegmentedCodeCache                       = true                                      {product} {ergonomic}
     bool ShowCodeDetailsInExceptionMessages       = true                                   {manageable} {command line}
   size_t SoftMaxHeapSize                          = 1600126976                             {manageable} {ergonomic}
     bool UseCompressedClassPointers               = true                                 {lp64_product} {ergonomic}
     bool UseCompressedOops                        = true                                 {lp64_product} {ergonomic}
     bool UseG1GC                                  = true                                      {product} {ergonomic}
     bool UseLargePagesIndividualAllocation        = false                                  {pd product} {ergonomic}

Logging:
Log output configuration:
 #0: stdout all=warning uptime,level,tags
 #1: stderr all=off uptime,level,tags

Environment Variables:
PATH=C:/Users/PC/.p2/pool/plugins/org.eclipse.justj.openjdk.hotspot.jre.full.win32.x86_64_15.0.1.v20201027-0507/jre/bin/server;C:/Users/PC/.p2/pool/plugins/org.eclipse.justj.openjdk.hotspot.jre.full.win32.x86_64_15.0.1.v20201027-0507/jre/bin;C:\WINDOWS\system32;C:\WINDOWS;C:\WINDOWS\System32\Wbem;C:\WINDOWS\System32\WindowsPowerShell\v1.0\;C:\WINDOWS\System32\OpenSSH\;C:\Program Files\Microsoft SQL Server\Client SDK\ODBC\170\Tools\Binn\;C:\Program Files (x86)\Microsoft SQL Server\150\Tools\Binn\;C:\Program Files\Microsoft SQL Server\150\Tools\Binn\;C:\Program Files\Microsoft SQL Server\150\DTS\Binn\;C:\Program Files (x86)\Microsoft SQL Server\150\DTS\Binn\;C:\Program Files\Azure Data Studio\bin;C:\Program Files\Microsoft SQL Server\130\Tools\Binn\;C:\Program Files\MATLAB\R2020b\bin;c:\altera\91sp2\quartus\bin;C:\Program Files\nodejs\;C:\Program Files\dotnet\;C:\Program Files\Git\cmd;C:\Users\PC\AppData\Local\Programs\Python\Python38\Scripts;C:\Users\PC\AppData\Local\Programs\Python\Python39\Scripts\;C:\Users\PC\AppData\Local\Programs\Python\Python39\;C:\Users\PC\AppData\Local\Microsoft\WindowsApps;C:\Program Files\Azure Data Studio\bin;C:\Users\PC\AppData\Local\Programs\Microsoft VS Code\bin;C:\Users\PC\AppData\Roaming\npm;C:\Users\PC\.dotnet\tools;;C:\WINDOWS\system32;
USERNAME=PC
OS=Windows_NT
PROCESSOR_IDENTIFIER=Intel64 Family 6 Model 58 Stepping 9, GenuineIntel



---------------  S Y S T E M  ---------------

OS:
 Windows 10 , 64 bit Build 19041 (10.0.19041.1202)
OS uptime: 0 days 2:14 hours

CPU: total 4 (initial active 4) (2 cores per cpu, 2 threads per core) family 6 model 58 stepping 9 microcode 0x21, cmov, cx8, fxsr, mmx, sse, sse2, sse3, ssse3, sse4.1, sse4.2, popcnt, vzeroupper, avx, clmul, erms, ht, tsc, tscinvbit, tscinv, clflush

Memory: 4k page, system-wide physical 6099M (455M free)
TotalPageFile size 10413M (AvailPageFile size 82M)
current process WorkingSet (physical memory assigned to process): 10M, peak: 10M
current process commit charge ("private bytes"): 51M, peak: 147M

vm_info: OpenJDK 64-Bit Server VM (15.0.1+9-18) for windows-amd64 JRE (15.0.1+9-18), built on Sep 15 2020 14:39:31 by "mach5one" with unknown MS VC++:1925

END.
